Resolving hostnames and patching config...
eth0 eth0 eth0
Resolved: AMF=192.168.8.108 N2=10.0.6.50 N3=10.0.6.50
==================================
/proc/sys/kernel/core_pattern=|/usr/lib/systemd/systemd-coredump %P %u %g %s %t %c %h
No configuration file /opt/oai-gnb/etc/gnb.conf found: attempting to find YAML config
==================================
== Configuration file:
Active_gNBs:
  - "oai-cu"
Asn1_verbosity: "none"
gNBs:
  - gNB_ID: 0xe00
    gNB_name: "oai-cu"
    tracking_area_code: "1"
    plmn_list:
      - mcc: "101"
        mnc: "01"
        mnc_length: "2"
        snssaiList:
          - sd: "0xffffff"
            sst: "1"
    nr_cellid: 1234567899996666555
    tr_s_preference: "f1"
    local_s_address: "10.0.6.50"
    remote_s_address: "127.0.0.1"
    local_s_portc: 501
    local_s_portd: "2153"
    remote_s_portc: 500
    remote_s_portd: "2153"
    SCTP:
      SCTP_INSTREAMS: 2
      SCTP_OUTSTREAMS: 2
    amf_ip_address:
      - ipv4: "192.168.8.108"
    NETWORK_INTERFACES:
      GNB_IPV4_ADDRESS_FOR_NG_AMF: "10.0.6.50"
      GNB_IPV4_ADDRESS_FOR_NGU: "10.0.6.50"
      GNB_PORT_FOR_S1U: 2152
security:
  ciphering_algorithms:
    - "nea0"
  integrity_algorithms:
    - "nia2"
    - "nia0"
  drb_ciphering: "yes"
  drb_integrity: "no"
log_config:
  global_log_level: "info"
  pdcp_log_level: "info"
  rrc_log_level: "info"
  f1ap_log_level: "info"
  ngap_log_level: "info"
==================================
== Load USRP binaries
==================================
== Starting gNB soft modem
Additional option(s): --log_config.global_log_options level,nocolor
/opt/oai-gnb/bin/nr-softmodem -O /opt/oai-gnb/etc/gnb.yaml --log_config.global_log_options level,nocolor
CMDLINE: "/opt/oai-gnb/bin/nr-softmodem" "-O" "/opt/oai-gnb/etc/gnb.yaml" "--log_config.global_log_options" "level,nocolor" 
[UTIL]   W mlockall() failed: 12, Cannot allocate memory
[UTIL]   I running in SA mode (no --phy-test, --do-ra, --nsa option present)
[OPT]    I OPT disabled
[HW]     I Version: Branch: HEAD Abrev. Hash: ed4cca814a Date: Thu Jan 22 14:27:15 2026 +0000
[GNB_APP] I Initialized RAN Context: RC.nb_nr_inst = 1, RC.nb_nr_macrlc_inst = 0, RC.nb_nr_L1_inst = 0, RC.nb_RU = 0, RC.nb_nr_CC[0] = 0
[GNB_APP] I F1AP: gNB_CU_id[0] 3584
[GNB_APP] I F1AP: gNB_CU_name[0] oai-cu
[GNB_APP] I SDAP layer is disabled
[GNB_APP] I Data Radio Bearer count 1
[GNB_APP] I Parsed IPv4 address for NG AMF: 10.0.6.50
[UTIL]   I threadCreate() for TASK_SCTP: creating thread with affinity ffffffff, priority 50
[X2AP]   I X2AP is disabled.
[UTIL]   I threadCreate() for TASK_NGAP: creating thread with affinity ffffffff, priority 50
[UTIL]   I threadCreate() for TASK_RRC_GNB: creating thread with affinity ffffffff, priority 50
[NGAP]   I Registered new gNB[0] and macro gNB id 3584
[NGAP]   I [gNB 0] check the amf registration state
[NR_RRC] I Entering main loop of NR_RRC message task
[GTPU]   I Configuring GTPu
[GTPU]   I SA mode 
[GTPU]   I Configuring GTPu address : 10.0.6.50, port : 2152
[GTPU]   I Initializing UDP for local address 10.0.6.50 with port 2152
[GTPU]   I Created gtpu instance id: 90
[UTIL]   I threadCreate() for GTPrx_90: creating thread with affinity ffffffff, priority 50
[NR_RRC] I Accepting new CU-UP ID 3584 name oai-cu (assoc_id -1)
[UTIL]   I threadCreate() for TASK_GNB_APP: creating thread with affinity ffffffff, priority 50
[NGAP]   A Send NGSetupRequest to AMF
[NGAP]   I 3584 -> 0000e000
[UTIL]   I threadCreate() for TASK_GTPV1_U: creating thread with affinity ffffffff, priority 50
[UTIL]   I threadCreate() for TASK_CU_F1: creating thread with affinity ffffffff, priority 50
[F1AP]   I Starting F1AP at CU
[F1AP]   I F1AP_CU_SCTP_REQ(create socket) for 10.0.6.50 len 10
[GTPU]   I Initializing UDP for local address 10.0.6.50 with port 2153
[GTPU]   I Created gtpu instance id: 91
[UTIL]   I threadCreate() for GTPrx_91: creating thread with affinity ffffffff, priority 50
[UTIL]   I threadCreate() for time source realtime: creating thread with affinity ffffffff, priority 2
[UTIL]   I time manager configuration: [time source: reatime] [mode: standalone] [server IP: 127.0.0.1} [server port: 7374] (server IP/port not used)
[NGAP]   E Received NG setup failure for AMF... please check your parameters
[GNB_APP] I [gNB 0] Received NGAP_REGISTER_GNB_CNF: associated AMF 0
[SCTP]   W Received SCTP SHUTDOWN EVENT
[F1AP]   I Received SCTP state 1 for assoc_id 597, removing endpoint
[NR_RRC] W no DU connected or not found for assoc_id 597: F1 Setup Failed?
[NR_RRC] I Received F1 Setup Request from gNB_DU 3584 (oai-rfsim) on assoc_id 599
[NR_RRC] E PLMN mismatch: CU 101.01, DU 00101
[SCTP]   W Received SCTP SHUTDOWN EVENT
[F1AP]   I Received SCTP state 1 for assoc_id 599, removing endpoint
[NR_RRC] W no DU connected or not found for assoc_id 599: F1 Setup Failed?
[NR_RRC] I Received F1 Setup Request from gNB_DU 3584 (oai-rfsim) on assoc_id 601
[NR_RRC] E PLMN mismatch: CU 101.01, DU 00101
[SCTP]   W Received SCTP SHUTDOWN EVENT
[F1AP]   I Received SCTP state 1 for assoc_id 601, removing endpoint
[NR_RRC] W no DU connected or not found for assoc_id 601: F1 Setup Failed?
[NR_RRC] I Received F1 Setup Request from gNB_DU 3584 (oai-rfsim) on assoc_id 603
[NR_RRC] E PLMN mismatch: CU 101.01, DU 00101
[SCTP]   W Received SCTP SHUTDOWN EVENT
[F1AP]   I Received SCTP state 1 for assoc_id 603, removing endpoint
[NR_RRC] W no DU connected or not found for assoc_id 603: F1 Setup Failed?

** Caught SIGTERM, shutting down
[CONFIG] function config_yaml_init returned 0
E2 agent is DISABLED (for activation, define .e2_agent.{near_ric_ip_addr,sm_dir} parameters)
TYPE <CTRL-C> TO TERMINATE
Returned from ITTI signal handler
Bye.
[INFO  tini (1)] Spawned child process '/opt/oai-gnb/bin/entrypoint.sh' with pid '2'
[INFO  tini (1)] Main child exited normally (with status '0')
