== Starting gNB soft modem
Additional option(s): --log_config.global_log_options level,nocolor
/opt/oai-gnb/bin/nr-softmodem -O /opt/oai-gnb/etc/gnb.yaml --log_config.global_log_options level,nocolor
CMDLINE: "/opt/oai-gnb/bin/nr-softmodem" "-O" "/opt/oai-gnb/etc/gnb.yaml" "--log_config.global_log_options" "level,nocolor" 
[UTIL]   W mlockall() failed: 12, Cannot allocate memory
[UTIL]   I running in SA mode (no --phy-test, --do-ra, --nsa option present)
[OPT]    I OPT disabled
[HW]     I Version: Branch: HEAD Abrev. Hash: ed4cca814a Date: Thu Jan 22 14:27:15 2026 +0000
[GNB_APP] I Initialized RAN Context: RC.nb_nr_inst = 1, RC.nb_nr_macrlc_inst = 0, RC.nb_nr_L1_inst = 0, RC.nb_RU = 0, RC.nb_nr_CC[0] = 0
[GNB_APP] I F1AP: gNB_CU_id[0] 3584
[GNB_APP] I F1AP: gNB_CU_name[0] oai-cu
[GNB_APP] I SDAP layer is disabled
[GNB_APP] I Data Radio Bearer count 1
[GNB_APP] I Parsed IPv4 address for NG AMF: 10.0.6.160
[UTIL]   I threadCreate() for TASK_SCTP: creating thread with affinity ffffffff, priority 50
[X2AP]   I X2AP is disabled.
[UTIL]   I threadCreate() for TASK_NGAP: creating thread with affinity ffffffff, priority 50
[UTIL]   I threadCreate() for TASK_RRC_GNB: creating thread with affinity ffffffff, priority 50
[NGAP]   I Registered new gNB[0] and macro gNB id 3584
[NGAP]   I [gNB 0] check the amf registration state
[NR_RRC] I Entering main loop of NR_RRC message task
[GTPU]   I Configuring GTPu
[GTPU]   I SA mode 
[GTPU]   I Configuring GTPu address : 10.0.6.160, port : 2152
[GTPU]   I Initializing UDP for local address 10.0.6.160 with port 2152
[GTPU]   I Created gtpu instance id: 90
[UTIL]   I threadCreate() for GTPrx_90: creating thread with affinity ffffffff, priority 50
[NGAP]   A Send NGSetupRequest to AMF
[NGAP]   I 3584 -> 0000e000
[UTIL]   I threadCreate() for TASK_GNB_APP: creating thread with affinity ffffffff, priority 50
[NR_RRC] I Accepting new CU-UP ID 3584 name oai-cu (assoc_id -1)
[UTIL]   I threadCreate() for TASK_GTPV1_U: creating thread with affinity ffffffff, priority 50
[UTIL]   I threadCreate() for TASK_CU_F1: creating thread with affinity ffffffff, priority 50
[F1AP]   I Starting F1AP at CU
[F1AP]   I F1AP_CU_SCTP_REQ(create socket) for 10.0.6.160 len 11
[GTPU]   I Initializing UDP for local address 10.0.6.160 with port 2153
[GTPU]   I Created gtpu instance id: 91
[UTIL]   I threadCreate() for GTPrx_91: creating thread with affinity ffffffff, priority 50
[UTIL]   I threadCreate() for time source realtime: creating thread with affinity ffffffff, priority 2
[UTIL]   I time manager configuration: [time source: reatime] [mode: standalone] [server IP: 127.0.0.1} [server port: 7374] (server IP/port not used)
[NGAP]   I Supported PLMN 0: MCC=001 MNC=01
[NGAP]   I Supported slice (PLMN 0): SST=0x01 SD=000
[NGAP]   I Supported slice (PLMN 0): SST=0x01 SD=123
[NGAP]   I Supported slice (PLMN 0): SST=0x01 SD=173451
[NGAP]   A Received NGSetupResponse from AMF
[GNB_APP] I [gNB 0] Received NGAP_REGISTER_GNB_CNF: associated AMF 1
[SCTP]   E Getsockopt SCTP_STATUS failed: Invalid argument
[SCTP]   W Received SCTP SHUTDOWN EVENT
[F1AP]   I Received SCTP state 1 for assoc_id 74024, removing endpoint
[NR_RRC] W no DU connected or not found for assoc_id 74024: F1 Setup Failed?
[NR_RRC] I Received F1 Setup Request from gNB_DU 3584 (oai-rfsim) on assoc_id 74029
[NR_RRC] I Accepting DU 3584 (oai-rfsim), sending F1 Setup Response
[NR_RRC] I DU uses RRC version 17.3.0
[NR_RRC] I cell PLMN 001.01 Cell ID 123 is in service
[NR_RRC] I Decoding CCCH: RNTI 5366, payload_size 6
[NR_RRC] A [--] (cellID 0, UE ID 1 RNTI 5366) Create UE context: CU UE ID 1 DU UE ID 21350 (rnti: 5366, random ue id 387c52a7f9000000)
[RRC]    I activate SRB 1 of UE 1
[NR_RRC] A [DL] (cellID 7b, UE ID 1 RNTI 5366) Send RRC Setup
[NR_RRC] A [UL] (cellID 7b, UE ID 1 RNTI 5366) Received RRCSetupComplete (RRC_CONNECTED reached)
[NGAP]   I Selected PLMN in the NG Initial UE Message: MCC=001 MNC=01
[NGAP]   I UE 1: Selected AMF 'open5gs-amf0' (assoc_id 74020) through selected PLMN MCC=001 MNC=01
[NGAP]   I Create UE context (ID 1) for AMF 'open5gs-amf0' (ass