CMDLINE: "/opt/oai-nr-ue/bin/nr-uesoftmodem" "-O" "/opt/oai-nr-ue/etc/nr-ue.conf" "-E" "--rfsim" "-r" "106" "--numerology" "1" "-C" "3319680000" "--log_config.global_log_options" "level,nocolor" "--rfsimulator.serveraddr" "10.0.6.10" 
[UTIL]   I running in SA mode (no --phy-test, --do-ra, --nsa option present)
[UTIL]   I threadCreate() for Tpool0_-1: creating thread with affinity ffffffff, priority 97
[UTIL]   I threadCreate() for Tpool1_-1: creating thread with affinity ffffffff, priority 97
[UTIL]   I threadCreate() for Tpool2_-1: creating thread with affinity ffffffff, priority 97
[UTIL]   I threadCreate() for Tpool3_-1: creating thread with affinity ffffffff, priority 97
[UTIL]   I threadCreate() for Tpool4_-1: creating thread with affinity ffffffff, priority 97
[UTIL]   I threadCreate() for Tpool5_-1: creating thread with affinity ffffffff, priority 97
[UTIL]   I threadCreate() for Tpool6_-1: creating thread with affinity ffffffff, priority 97
[UTIL]   I threadCreate() for Tpool7_-1: creating thread with affinity ffffffff, priority 97
[OPT]    I OPT disabled
[HW]     I Version: Branch: HEAD Abrev. Hash: ed4cca814a Date: Thu Jan 22 14:27:15 2026 +0000
[NR_RRC] I create TASK_RRC_NRUE 
[UTIL]   I threadCreate() for TASK_RRC_NRUE: creating thread with affinity ffffffff, priority 50
[UTIL]   I threadCreate() for TASK_NAS_NRUE: creating thread with affinity ffffffff, priority 50
[SIM]    I UICC simulation: IMSI=001010000062653, IMEISV=6754567890123413, Ki=8baf473f2f8fd09487cccbd7097c6862, OPc=8e27b6af0e692e750f32667a3b14605d, DNN=Internet, SST=0x01, SD=0xffffff
[NR_MAC] I [UE0] Initializing MAC
[NR_MAC] I Initializing dl and ul config_request. num_slots = 20
[RLC]    I Activated srb0 for UE 0
[UTIL]   I threadCreate() for time source iq samples: creating thread with affinity ffffffff, priority 2
[UTIL]   I time manager configuration: [time source: iq_samples] [mode: standalone] [server IP: 127.0.0.1} [server port: 7374] (server IP/port not used)
[PHY]    I Set UE_fo_compensation 0, UE_scan_carrier 0, UE_no_timing_correction 0 
, chest-freq 0, chest-time 0
[PHY]    I Set UE nb_rx_antenna 1, nb_tx_antenna 1, threequarter_fs 1, ssb_start_subcarrier 516
[PHY]    I SA init parameters. DL freq 3319680000 UL offset 0 SSB numerology 1 N_RB_DL 106
[PHY]    I Init: N_RB_DL 106, first_carrier_offset 900, nb_prefix_samples 108,nb_prefix_samples0 132, ofdm_symbol_size 1536
[PHY]    W samples_per_subframe 46080/per second 46080000, wCP 43008
[UTIL]   I threadCreate() for SYNC__actor: creating thread with affinity ffffffff, priority 97
[UTIL]   I threadCreate() for DL__actor: creating thread with affinity ffffffff, priority 97
[UTIL]   I threadCreate() for DL__actor: creating thread with affinity ffffffff, priority 97
[UTIL]   I threadCreate() for DL__actor: creating thread with affinity ffffffff, priority 97
[UTIL]   I threadCreate() for DL__actor: creating thread with affinity ffffffff, priority 97
[UTIL]   I threadCreate() for UL__actor: creating thread with affinity ffffffff, priority 97
[UTIL]   I threadCreate() for UL__actor: creating thread with affinity ffffffff, priority 97
[PHY]    I Initializing UE vars for gNB TXant 1, UE RXant 1
[PHY]    I prs_config configuration NOT found..!! Skipped configuring UE for the PRS reception
[PHY]    I HW: Configuring card 0, sample_rate 46080000.000000, tx/rx num_channels 1/1, duplex_mode TDD
[PHY]    I HW: Configuring channel 0 (rf_chain 0): setting tx_freq 3319680000 Hz, rx_freq 3319680000 Hz, tune_offset 0
[PHY]    I HW: Configuring channel 0 (rf_chain 0): setting tx_gain 0, rx_gain 110
[PHY]    I HW: Configuring card 1, sample_rate 46080000.000000, tx/rx num_channels 1/1, duplex_mode TDD
[PHY]    I HW: Configuring channel 0 (rf_chain 0): setting tx_freq 3319680000 Hz, rx_freq 3319680000 Hz, tune_offset 0
[PHY]    I HW: Configuring channel 0 (rf_chain 0): setting tx_gain 0, rx_gain 110
[PHY]    I HW: Configuring card 2, sample_rate 46080000.000000, tx/rx num_channels 1/1, duplex_mode TDD
[PHY]    I HW: Configuring channel 0 (rf_chain 0): setting tx_freq 3319680000 Hz, rx_freq 3319680000 Hz, tune_offset 0
[PHY]    I HW: Configuring channel 0 (rf_chain 0): setting tx_gain 0, rx_gain 110
[PHY]    I HW: Configuring card 3, sample_rate 46080000.000000, tx/rx num_channels 1/1, duplex_mode TDD
[PHY]    I HW: Configuring channel 0 (rf_chain 0): setting tx_freq 3319680000 Hz, rx_freq 3319680000 Hz, tune_offset 0
[PHY]    I HW: Configuring channel 0 (rf_chain 0): setting tx_gain 0, rx_gain 110
[PHY]    I HW: Configuring card 4, sample_rate 46080000.000000, tx/rx num_channels 1/1, duplex_mode TDD
[PHY]    I HW: Configuring channel 0 (rf_chain 0): setting tx_freq 3319680000 Hz, rx_freq 3319680000 Hz, tune_offset 0
[PHY]    I HW: Configuring channel 0 (rf_chain 0): setting tx_gain 0, rx_gain 110
[PHY]    I HW: Configuring card 5, sample_rate 46080000.000000, tx/rx num_channels 1/1, duplex_mode TDD
[PHY]    I HW: Configuring channel 0 (rf_chain 0): setting tx_freq 3319680000 Hz, rx_freq 3319680000 Hz, tune_offset 0
[PHY]    I HW: Configuring channel 0 (rf_chain 0): setting tx_gain 0, rx_gain 110
[PHY]    I HW: Configuring card 6, sample_rate 46080000.000000, tx/rx num_channels 1/1, duplex_mode TDD
[PHY]    I HW: Configuring channel 0 (rf_chain 0): setting tx_freq 3319680000 Hz, rx_freq 3319680000 Hz, tune_offset 0
[PHY]    I HW: Configuring channel 0 (rf_chain 0): setting tx_gain 0, rx_gain 110
[PHY]    I HW: Configuring card 7, sample_rate 46080000.000000, tx/rx num_channels 1/1, duplex_mode TDD
[PHY]    I HW: Configuring channel 0 (rf_chain 0): setting tx_freq 3319680000 Hz, rx_freq 3319680000 Hz, tune_offset 0
[PHY]    I HW: Configuring channel 0 (rf_chain 0): setting tx_gain 0, rx_gain 110
[PHY]    I Intializing UE Threads for instance 0 ...
[UTIL]   I threadCreate() for UEthread_0: creating thread with affinity ffffffff, priority 97
[UTIL]   I threadCreate() for L1_UE_stats_0: creating thread with affinity ffffffff, priority 1
[HW]     I Running as client: will connect to a rfsimulator server side
[HW]     I [RRU] has loaded RFSIMULATOR device.
[HW]     I Trying to connect to 10.0.6.10:4043
[HW]     I Connection to 10.0.6.10:4043 established
[HW]     A RFsim: Number of antennas changed from 0 to 1
[PHY]    W SSB position provided
[NR_PHY] W Starting sync detection
[PHY]    I [UE thread Synch] Running Initial Synch 
[NR_PHY] I Starting cell search with center freq: 3319680000, bandwidth: 106. Scanning for 1 number of GSCN.
[NR_PHY] I Scanning GSCN: 0, with SSB offset: 516, SSB Freq: 0.000000
[PHY]    A Initial sync: pbch decoded sucessfully, ssb index 0
[PHY]    I pbch rx ok. rsrp:51 dB/RE, adjust_rxgain:-1 dB
[NR_PHY] I Cell Detected with GSCN: 0, SSB SC offset: 516, SSB Ref: 0.000000, PSS Corr peak: 96 dB, PSS Corr Average: 61
[PHY]    I [UE0] In synch, rx_offset 161280 samples
[PHY]    I [UE 0] Measured Carrier Frequency offset 6 Hz
[PHY]    A Initial sync successful, PCI: 0
[PHY]    I HW: Configuring channel 0 (rf_chain 0): setting tx_freq 3319680006 Hz, rx_freq 3319680006 Hz, tune_offset 0
[PHY]    I Got synch: hw_slot_offset 14, carrier off 6 Hz, rxgain 0.000000 (DL 3319680006.000000 Hz, UL 3319680006.000000 Hz)
[NR_RRC] I [UE 0] BCCH update: phyCellID 0->0, arfcn_ssb 0->621312
[PHY]    A UE synchronized! decoded_frame_rx=542 UE->init_sync_frame=1 trashed_frames=36
[PHY]    I Resynchronizing RX by 161280 samples
[HW]     I received write reorder clear context
[PHY]    I max_pos_acc = 0, shiftForNextFrame = 0
[NR_RRC] A SIB1 decoded
[NR_MAC] I [UE 0] Initial cell selection: dl_frequency=3300600 kHz (from command-line, band=78, scs=1)
[NR_MAC] I Initial cell selection: uplink_frequency=0 kHz (from dl_frequency=3300600 kHz, uplink_frequency_offset=0 kHz)
[NR_MAC] I TDD period index = 6, based on the sum of dl_UL_TransmissionPeriodicity from Pattern1 (5.000000 ms) and Pattern2 (0.000000 ms): Total = 5.000000 ms
[NR_MAC] I Set TDD configuration period to: 8 DL slots, 3 UL slots, 10 slots per period (NR_TDD_UL_DL_Pattern is 7 DL slots, 2 UL slots, 6 DL symbols, 4 UL symbols)
[NR_MAC] I Configured 1 TDD patterns (total slots: pattern1 = 10, pattern2 = 0)
[PHY]    I N_TA_offset changed from 0 to 600
[MAC]    I Initialization of 4-Step CBRA procedure
[NR_MAC] I PRACH scheduler: Selected RO Frame 581, Slot 19, Symbol 0, Fdm 0
[PHY]    I PRACH [UE 0] in frame.slot 581.19, placing PRACH in position 1804, Msg1/MsgA-Preamble frequency start 0 (k1 0), preamble_offset 10, first_nonzero_root_idx 0, preambleIndex = 50
[PHY]    I [UE 0] RAR-Msg2 decoded
[NR_MAC] I [UE 0][RAPROC][RA-RNTI 010b] Got BI RAR subPDU 5 ms
[NR_MAC] I [UE 0][RAPROC][RA-RNTI 010b] Got RAPID RAR subPDU
[NR_MAC] A [UE 0][RAPROC][582.10] Found RAR with the intended RAPID 50
[MAC]    W received TA command 31
[NR_MAC] A [RAPROC][582.19] RA-Msg3 transmitted
[NR_MAC] A [UE 0][584.1][RAPROC] 4-Step RA procedure succeeded. CBRA: Contention Resolution is successful.
[NR_RRC] I [UE0][RAPROC] Logical Channel DL-CCCH (SRB0), Received NR_RRCSetup
[RLC]    I Added srb 1 to UE 0
[NR_RRC] I State = NR_RRC_CONNECTED
[NAS]    I Generate Initial NAS Message: Registration Request
[NR_RRC] I [UE 0][RAPROC] Logical Channel UL-DCCH (SRB1), Generating RRCSetupComplete (bytes33)
[NAS]    I [UE 0] Received NR_NAS_CONN_ESTABLISH_IND: asCause 0
[MAC]    I [UE 0] Applying CellGroupConfig from gNodeB
[NAS]    I [UE 0] Received NAS_DOWNLINK_DATA_IND type FGS_AUTHENTICATION_REQUEST with length 42
[NAS]    I [UE 0] Received NAS_DOWNLINK_DATA_IND type FGS_SECURITY_MODE_COMMAND with length 19
[NAS]    I Generate Initial NAS Message: Registration Request
[NR_RRC] I Received securityModeCommand (gNB 0)
[NR_RRC] I Receiving from SRB1 (DL-DCCH), Processing securityModeCommand
[NR_RRC] I Security algorithm is set to nea0
[NR_RRC] I Integrity protection algorithm is set to nia2
[NR_RRC] I Receiving from SRB1 (DL-DCCH), encoding securityModeComplete, rrc_TransactionIdentifier: 0
[NR_RRC] I Received Capability Enquiry (gNB 0)
[NR_RRC] I Receiving from SRB1 (DL-DCCH), Processing UECapabilityEnquiry
[CONFIG] function config_libconfig_init returned 0
Initializing random number generator, seed 3636194213949205949
UE threads created by 1
TYPE <CTRL-C> TO TERMINATE
kausf:80 54 19 8 fd 1f 2f cf a0 a8 81 7 ad 2b e1 37 af 1c 76 8b 8d 55 77 cb f3 b 4a 95 12 3b 9d b6 
kseaf:e5 1d 62 28 d7 b 2a 79 b9 69 92 25 b5 a7 4f 37 0 ce 18 57 31 8a fb 22 6a ce c b1 a7 79 88 17 
kamf:63 98 19 20 38 a4 2d a3 f3 c2 f 11 47 be 20 75 2d 32 fd 45 44 5a e7 de 2f 74 2e a0 a6 b4 85 6a 
knas_int: 56 81 11 bd a8 18 b3 5b b6 98 e6 42 6 cf 58 d4 
knas_enc: c0 3a b1 99 a3 6f 2d ca 2c 45 a 3c 50 27 96 37 
mac fb c1 fe 58 
[NR_RRC] I deriving kRRCenc, kRRCint from KgNB=6d 4e 57 a4 71 2b 83 21 ae 2f 8c ba 7f 52 d8 3c 3d 4a 8a a6 b0 7d 44 f6 db 7e bd ba 30 42 3c 44 
[NR_RRC] I securityModeComplete payload: 28 00 00 00 00 00 00 00 a0 12 00 b8 d3 7f 00 00 
<UE-NR-Capability>
    <accessStratumRelease><rel15/></accessStratumRelease>
    <pdcp-Parameters>
        <supportedROHC-Profiles>
            <profile0x0000><false/></profile0x0000>
            <profile0x0001><false/></profile0x0001>
            <profile0x0002><false/></profile0x0002>
            <profile0x0003><false/></profile0x0003>
            <profile0x0004><false/></profile0x0004>
            <profile0x0006><false/></profile0x0006>
            <profile0x0101><false/></profile0x0101>
            <profile0x0102><false/></profile0x0102>
            <profile0x0103><false/></profile0x0103>
            <profile0x0104><false/></profile0x0104>
        </supportedROHC-Profiles>
        <maxNumberROHC-ContextSessions><cs2/></maxNumberROHC-ContextSessions>
    </pdcp-Parameters>
    <phy-Parameters>
    </phy-Parameters>
    <rf-Parameters>
        <supportedBandListNR>
            <BandNR>
                <bandNR>1</bandNR>
            </BandNR>
        </supportedBandListNR>
    </rf-Parameters>
</UE-NR-Capability>
[PHY]    I [RRC]UE NR Capability encoded, 10 bytes (86 bits)
[NR_RRC] I UECapabilityInformation Encoded 106 bits (14 bytes)
[NAS]    I [UE 0] Received NAS_DOWNLINK_DATA_IND type FGS_REGISTRATION_ACCEPT with length 46
[NAS]    I Received Registration Accept with result 3GPP
[NAS]    I SMS not allowed in 5GS Registration Result
[NR_RRC] I 5G-GUTI: AMF pointer 0, AMF Set ID 1, 5G-TMSI 3221226571 
[NAS]    I Send NAS_UPLINK_DATA_REQ message(RegistrationComplete)
[NAS]    I Send NAS_UPLINK_DATA_REQ message(PduSessionEstablishRequest)
[NAS]    I [UE 0] Received NAS_DOWNLINK_DATA_IND type FGS_CONFIGURATION_UPDATE_COMMAND with length 40
[NR_RRC] W unknown message type 84
[RLC]    I Added srb 2 to UE 0
[RLC]    I Added drb 1 to UE 0
[RLC]    I Added DRB to UE 0
[NR_RRC] I RRCReconfiguration includes radio Bearer Configuration
[MAC]    I [UE 0] Applying CellGroupConfig from gNodeB
[SDAP]   I Default DRB for the created SDAP entity: DRB 1 
[PDCP]   I Added DRB 1 to UE ID 0
[NR_RRC] I State = NR_RRC_CONNECTED
[NR_RRC] I RRCReconfiguration includes Measurement Configuration
[NR_RRC] W Measurement gaps not yet supported!
[NR_RRC] I rrcReconfigurationComplete Encoded 10 bits (2 bytes)
[NR_RRC] I  Logical Channel UL-DCCH (SRB1), Generating RRCReconfigurationComplete (bytes 2)
[NAS]    I [UE 0] Received NAS_CONN_ESTABLI_CNF: errCode 1, length 68
[NAS]    I Received PDU Session Establishment Accept, UE IPv4: 10.45.0.116
[OIP]    I Interface oaitun_ue1 successfully configured, IPv4 10.45.0.116, IPv6 (null)
[UTIL]   I threadCreate() for ue_tun_read_0_p10: creating thread with affinity ffffffff, priority 1
[NR_MAC] I UE 0 RNTI 5366 stats sfn: 640.8, cumulated bad DCI 0
    DL harq: 17/0
    UL harq: 46/0 avg code rate 0.1, avg bit/symbol 2.0, avg per TB: (nb RBs 31.7, nb symbols 4.5)
[NR_MAC] I UE 0 RNTI 5366 stats sfn: 768.8, cumulated bad DCI 0
    DL harq: 18/0
    UL harq: 58/0 avg code rate 0.1, avg bit/symbol 2.0, avg per TB: (nb RBs 26.2, nb symbols 6.3)
[NR_MAC] I UE 0 RNTI 5366 stats sfn: 896.8, cumulated bad DCI 0
    DL harq: 20/0
    UL harq: 71/0 avg code rate 0.1, avg bit/symbol 2.0, avg per TB: (nb RBs 22.3, nb symbols 7.5)
[NR_MAC] I UE 0 RNTI 5366 stats sfn: 0.8, cumulated bad DCI 0
    DL harq: 21/0
    UL harq: 84/0 avg code rate 0.1, avg bit/symbol 2.0, avg per TB: (nb RBs 19.6, nb symbols 8.4)
[NR_MAC] I UE 0 RNTI 5366 stats sfn: 128.8, cumulated bad DCI 0
    DL harq: 22/0
    UL harq: 97/0 avg code rate 0.1, avg bit/symbol 2.0, avg per TB: (nb RBs 17.7, nb symbols 9.0)
[NR_MAC] I UE 0 RNTI 5366 stats sfn: 256.8, cumulated bad DCI 0
    DL harq: 23/0
    UL harq: 110/0 avg code rate 0.1, avg bit/symbol 2.0, avg per TB: (nb RBs 16.2, nb symbols 9.5)
[NR_MAC] I UE 0 RNTI 5366 stats sfn: 384.8, cumulated bad DCI 0
    DL harq: 25/0
    UL harq: 122/0 avg code rate 0.1, avg bit/symbol 2.0, avg per TB: (nb RBs 15.1, nb symbols 9.8)
[NR_MAC] I UE 0 RNTI 5366 stats sfn: 512.8, cumulated bad DCI 0
    DL harq: 26/0
    UL harq: 135/0 avg code rate 0.1, avg bit/symbol 2.0, avg per TB: (nb RBs 14.1, nb symbols 10.1)
[NR_MAC] I UE 0 RNTI 5366 stats sfn: 640.8, cumulated bad DCI 0
    DL harq: 28/0
    UL harq: 153/0 avg code rate 0.1, avg bit/symbol 2.0, avg per TB: (nb RBs 14.3, nb symbols 10.2)
[NR_MAC] I UE 0 RNTI 5366 stats sfn: 768.8, cumulated bad DCI 0
    DL harq: 30/0
    UL harq: 166/0 avg code rate 0.1, avg bit/symbol 2.0, avg per TB: (nb RBs 13.6, nb symbols 10.4)
[NR_MAC] I UE 0 RNTI 5366 stats sfn: 896.8, cumulated bad DCI 0
    DL harq: 31/0
    UL harq: 179/0 avg code rate 0.1, avg bit/symbol 2.0, avg per TB: (nb RBs 13.0, nb symbols 10.6)
[NR_MAC] I UE 0 RNTI 5366 stats sfn: 0.8, cumulated bad DCI 0
    DL harq: 32/0
    UL harq: 192/0 avg code rate 0.1, avg bit/symbol 2.0, avg per TB: (nb RBs 12.4, nb symbols 10.8)
[NR_MAC] I UE 0 RNTI 5366 stats sfn: 128.8, cumulated bad DCI 0
    DL harq: 33/0
    UL harq: 204/0 avg code rate 0.1, avg bit/symbol 2.0, avg per TB: (nb RBs 12.0, nb symbols 10.9)
Press ^C again to trigger immediate shutdown
[NAS]    I [UE 0] Received NAS_DEREGISTRATION_REQ
[HW]     W Lost socket
mac 1f fb 13 3d 
mac 2e ba 8 a8 
Entering ITTI signals handler
TYPE <CTRL-C> TO TERMINATE
mac 5a 21 a6 fe 
