Ncat: Version 7.95 ( https://nmap.org/ncat )
Ncat: Connected to 10.0.6.91:38472.
Ncat: 0 bytes sent, 0 bytes received in 4.10 seconds.
Resolving hostnames and patching config...
Resolved CU_IP=10.0.6.91
# Active DUs
Active_gNBs:
  - oai-rfsim
# Asn1_verbosity, choice in: none, info, annoying
Asn1_verbosity: "none"
gNBs:
  - #////////// Identification parameters:
    gNB_ID: 0xe00
    gNB_DU_ID: 0xe00
    gNB_name: "oai-rfsim"
    # Tracking area code, 0x0000 and 0xfffe are reserved values
    tracking_area_code: "1"
    plmn_list:
      - mcc: "001"
        mnc: "01"
        mnc_length: "2"
        snssaiList:
          - sd: "0xffffff"
            sst: "1"
    nr_cellid: 12345678
    #////////// Physical parameters:
    min_rxtxtime: 6
    servingCellConfigCommon:
      #spCellConfigCommon
      - physCellId: 0
        #  downlinkConfigCommon
        #frequencyInfoDL
        # this is 3300.60 MHz + 53*12*30e-3 MHz = 3319.68
        absoluteFrequencySSB: 621312
        # this is 3300.60 MHz
        dl_absoluteFrequencyPointA: 620040
        #scs-SpecificCarrierList
        dl_offstToCarrier: 0
        # subcarrierSpacing
        # 0=kHz15, 1=kHz30, 2=kHz60, 3=kHz120
        dl_subcarrierSpacing: 1
        dl_carrierBandwidth: 106
        #initialDownlinkBWP
        #genericParameters
        # this is RBstart=0,L=106 (275*(L-1))+RBstart
        initialDLBWPlocationAndBandwidth: 28875
        # subcarrierSpacing
        # 0=kHz15, 1=kHz30, 2=kHz60, 3=kHz120
        initialDLBWPsubcarrierSpacing: 1
        #pdcch-ConfigCommon
        initialDLBWPcontrolResourceSetZero: 11
        initialDLBWPsearchSpaceZero: 0
        #uplinkConfigCommon
        #frequencyInfoUL
        ul_frequencyBand: 78
        #scs-SpecificCarrierList
        ul_offstToCarrier: 0
        # subcarrierSpacing
        # 0=kHz15, 1=kHz30, 2=kHz60, 3=kHz120
        ul_subcarrierSpacing: 1
        ul_carrierBandwidth: 106
        pMax: 20
        #initialUplinkBWP
        #genericParameters
        initialULBWPlocationAndBandwidth: 28875
        # subcarrierSpacing
        # 0=kHz15, 1=kHz30, 2=kHz60, 3=kHz120
        initialULBWPsubcarrierSpacing: 1
        #rach-ConfigCommon
        #rach-ConfigGeneric
        prach_ConfigurationIndex: 98
        #prach_msg1_FDM
        #0 = one, 1=two, 2=four, 3=eight
        prach_msg1_FDM: 0
        prach_msg1_FrequencyStart: 0
        zeroCorrelationZoneConfig: 12
        preambleReceivedTargetPower: -104
        #preamblTransMax (0...10) = (3,4,5,6,7,8,10,20,50,100,200)
        preambleTransMax: 6
        #powerRampingStep
        # 0=dB0,1=dB2,2=dB4,3=dB6
        powerRampingStep: 1
        #ssb_perRACH_OccasionAndCB_PreamblesPerSSB_PR
        #1=oneeighth,2=onefourth,3=half,4=one,5=two,6=four,7=eight,8=sixteen
        ssb_perRACH_OccasionAndCB_PreamblesPerSSB_PR: 4
        #one (0..15) 4,8,12,16,...60,64
        ssb_perRACH_OccasionAndCB_PreamblesPerSSB: 15
        #ra_ContentionResolutionTimer
        #(0..7) 8,16,24,32,40,48,56,64
        ra_ContentionResolutionTimer: 7
        rsrp_ThresholdSSB: 19
        #prach-RootSequenceIndex_PR
        #1 = 839, 2 = 139
        prach_RootSequenceIndex_PR: 2
        prach_RootSequenceIndex: 1
        # SCS for msg1, can only be 15 for 30 kHz < 6 GHz, takes precendence over the one derived from prach-ConfigIndex
        msg1_SubcarrierSpacing: 1
        # restrictedSetConfig
        # 0=unrestricted, 1=restricted type A, 2=restricted type B
        restrictedSetConfig: 0
        msg3_DeltaPreamble: 1
        p0_NominalWithGrant: -90
        # pucch-ConfigCommon setup :
        # pucchGroupHopping
        # 0 = neither, 1= group hopping, 2=sequence hopping
        pucchGroupHopping: 0
        hoppingId: 40
        p0_nominal: -90
        ssb_PositionsInBurst_Bitmap: 1
        # ssb_periodicityServingCell
        # 0 = ms5, 1=ms10, 2=ms20, 3=ms40, 4=ms80, 5=ms160, 6=spare2, 7=spare1
        ssb_periodicityServingCell: 2
        # dmrs_TypeA_position
        # 0 = pos2, 1 = pos3
        dmrs_TypeA_Position: 0
        # subcarrierSpacing
        # 0=kHz15, 1=kHz30, 2=kHz60, 3=kHz120
        subcarrierSpacing: 1
        #tdd-UL-DL-ConfigurationCommon
        # subcarrierSpacing
        # 0=kHz15, 1=kHz30, 2=kHz60, 3=kHz120
        referenceSubcarrierSpacing: 1
        # pattern1
        # dl_UL_TransmissionPeriodicity
        # 0=ms0p5, 1=ms0p625, 2=ms1, 3=ms1p25, 4=ms2, 5=ms2p5, 6=ms5, 7=ms10
        dl_UL_TransmissionPeriodicity: 6
        nrofDownlinkSlots: 7
        nrofDownlinkSymbols: 6
        nrofUplinkSlots: 2
        nrofUplinkSymbols: 4
        ssPBCH_BlockPower: -25
    # ------- SCTP definitions
    SCTP:
      # Number of streams to use in input/output
      SCTP_INSTREAMS: 2
      SCTP_OUTSTREAMS: 2
MACRLCs:
  - num_cc: 1
    tr_s_preference: "local_L1"
    tr_n_preference: "f1"
    local_n_address: "10.0.6.112"
    remote_n_address: "10.0.6.91"
    local_n_portd: 2153
    remote_n_portd: 2153
    pusch_TargetSNRx10: 200
    pucch_TargetSNRx10: 200
    local_n_address_f1u: 10.0.6.112
L1s:
  - num_cc: 1
    tr_n_preference: "local_mac"
    prach_dtx_threshold: 200
    pucch0_dtx_threshold: 150
    ofdm_offset_divisor: 8 # set this to UINT_MAX for offset 0
RUs:
  - local_rf: "yes"
    nb_tx: 1
    nb_rx: 1
    att_tx: 0
    att_rx: 0
    bands: [78]
    max_pdschReferenceSignalPower: -27
    max_rxgain: 114
    eNB_instances: [0]
    clock_src: "internal"
rfsimulator:
  serveraddr: server
log_config:
  global_log_level: "info"
  hw_log_level: "info"
  phy_log_level: "info"
  mac_log_level: "info"
  rlc_log_level: "info"
  f1ap_log_level: "info"
==================================
/proc/sys/kernel/core_pattern=|/usr/lib/systemd/systemd-coredump %P %u %g %s %t %c %h
No configuration file /opt/oai-gnb/etc/gnb.conf found: attempting to find YAML config
==================================
== Configuration file:
# Active DUs
Active_gNBs:
  - oai-rfsim
# Asn1_verbosity, choice in: none, info, annoying
Asn1_verbosity: "none"
gNBs:
  - #////////// Identification parameters:
    gNB_ID: 0xe00
    gNB_DU_ID: 0xe00
    gNB_name: "oai-rfsim"
    # Tracking area code, 0x0000 and 0xfffe are reserved values
    tracking_area_code: "1"
    plmn_list:
      - mcc: "001"
        mnc: "01"
        mnc_length: "2"
        snssaiList:
          - sd: "0xffffff"
            sst: "1"
    nr_cellid: 12345678
    #////////// Physical parameters:
    min_rxtxtime: 6
    servingCellConfigCommon:
      #spCellConfigCommon
      - physCellId: 0
        #  downlinkConfigCommon
        #frequencyInfoDL
        # this is 3300.60 MHz + 53*12*30e-3 MHz = 3319.68
        absoluteFrequencySSB: 621312
        # this is 3300.60 MHz
        dl_absoluteFrequencyPointA: 620040
        #scs-SpecificCarrierList
        dl_offstToCarrier: 0
        # subcarrierSpacing
        # 0=kHz15, 1=kHz30, 2=kHz60, 3=kHz120
        dl_subcarrierSpacing: 1
        dl_carrierBandwidth: 106
        #initialDownlinkBWP
        #genericParameters
        # this is RBstart=0,L=106 (275*(L-1))+RBstart
        initialDLBWPlocationAndBandwidth: 28875
        # subcarrierSpacing
        # 0=kHz15, 1=kHz30, 2=kHz60, 3=kHz120
        initialDLBWPsubcarrierSpacing: 1
        #pdcch-ConfigCommon
        initialDLBWPcontrolResourceSetZero: 11
        initialDLBWPsearchSpaceZero: 0
        #uplinkConfigCommon
        #frequencyInfoUL
        ul_frequencyBand: 78
        #scs-SpecificCarrierList
        ul_offstToCarrier: 0
        # subcarrierSpacing
        # 0=kHz15, 1=kHz30, 2=kHz60, 3=kHz120
        ul_subcarrierSpacing: 1
        ul_carrierBandwidth: 106
        pMax: 20
        #initialUplinkBWP
        #genericParameters
        initialULBWPlocationAndBandwidth: 28875
        # subcarrierSpacing
        # 0=kHz15, 1=kHz30, 2=kHz60, 3=kHz120
        initialULBWPsubcarrierSpacing: 1
        #rach-ConfigCommon
        #rach-ConfigGeneric
        prach_ConfigurationIndex: 98
        #prach_msg1_FDM
        #0 = one, 1=two, 2=four, 3=eight
        prach_msg1_FDM: 0
        prach_msg1_FrequencyStart: 0
        zeroCorrelationZoneConfig: 12
        preambleReceivedTargetPower: -104
        #preamblTransMax (0...10) = (3,4,5,6,7,8,10,20,50,100,200)
        preambleTransMax: 6
        #powerRampingStep
        # 0=dB0,1=dB2,2=dB4,3=dB6
        powerRampingStep: 1
        #ssb_perRACH_OccasionAndCB_PreamblesPerSSB_PR
        #1=oneeighth,2=onefourth,3=half,4=one,5=two,6=four,7=eight,8=sixteen
        ssb_perRACH_OccasionAndCB_PreamblesPerSSB_PR: 4
        #one (0..15) 4,8,12,16,...60,64
        ssb_perRACH_OccasionAndCB_PreamblesPerSSB: 15
        #ra_ContentionResolutionTimer
        #(0..7) 8,16,24,32,40,48,56,64
        ra_ContentionResolutionTimer: 7
        rsrp_ThresholdSSB: 19
        #prach-RootSequenceIndex_PR
        #1 = 839, 2 = 139
        prach_RootSequenceIndex_PR: 2
        prach_RootSequenceIndex: 1
        # SCS for msg1, can only be 15 for 30 kHz < 6 GHz, takes precendence over the one derived from prach-ConfigIndex
        msg1_SubcarrierSpacing: 1
        # restrictedSetConfig
        # 0=unrestricted, 1=restricted type A, 2=restricted type B
        restrictedSetConfig: 0
        msg3_DeltaPreamble: 1
        p0_NominalWithGrant: -90
        # pucch-ConfigCommon setup :
        # pucchGroupHopping
        # 0 = neither, 1= group hopping, 2=sequence hopping
        pucchGroupHopping: 0
        hoppingId: 40
        p0_nominal: -90
        ssb_PositionsInBurst_Bitmap: 1
        # ssb_periodicityServingCell
        # 0 = ms5, 1=ms10, 2=ms20, 3=ms40, 4=ms80, 5=ms160, 6=spare2, 7=spare1
        ssb_periodicityServingCell: 2
        # dmrs_TypeA_position
        # 0 = pos2, 1 = pos3
        dmrs_TypeA_Position: 0
        # subcarrierSpacing
        # 0=kHz15, 1=kHz30, 2=kHz60, 3=kHz120
        subcarrierSpacing: 1
        #tdd-UL-DL-ConfigurationCommon
        # subcarrierSpacing
        # 0=kHz15, 1=kHz30, 2=kHz60, 3=kHz120
        referenceSubcarrierSpacing: 1
        # pattern1
        # dl_UL_TransmissionPeriodicity
        # 0=ms0p5, 1=ms0p625, 2=ms1, 3=ms1p25, 4=ms2, 5=ms2p5, 6=ms5, 7=ms10
        dl_UL_TransmissionPeriodicity: 6
        nrofDownlinkSlots: 7
        nrofDownlinkSymbols: 6
        nrofUplinkSlots: 2
        nrofUplinkSymbols: 4
        ssPBCH_BlockPower: -25
    # ------- SCTP definitions
    SCTP:
      # Number of streams to use in input/output
      SCTP_INSTREAMS: 2
      SCTP_OUTSTREAMS: 2
MACRLCs:
  - num_cc: 1
    tr_s_preference: "local_L1"
    tr_n_preference: "f1"
    local_n_address: "10.0.6.112"
    remote_n_address: "10.0.6.91"
    local_n_portd: 2153
    remote_n_portd: 2153
    pusch_TargetSNRx10: 200
    pucch_TargetSNRx10: 200
    local_n_address_f1u: 10.0.6.112
L1s:
  - num_cc: 1
    tr_n_preference: "local_mac"
    prach_dtx_threshold: 200
    pucch0_dtx_threshold: 150
    ofdm_offset_divisor: 8 # set this to UINT_MAX for offset 0
RUs:
  - local_rf: "yes"
    nb_tx: 1
    nb_rx: 1
    att_tx: 0
    att_rx: 0
    bands: [78]
    max_pdschReferenceSignalPower: -27
    max_rxgain: 114
    eNB_instances: [0]
    clock_src: "internal"
rfsimulator:
  serveraddr: server
log_config:
  global_log_level: "info"
  hw_log_level: "info"
  phy_log_level: "info"
  mac_log_level: "info"
  rlc_log_level: "info"
  f1ap_log_level: "info"
==================================
== Load USRP binaries
==================================
== Starting gNB soft modem
Additional option(s): -E --rfsim --log_config.global_log_options level,nocolor,time
/opt/oai-gnb/bin/nr-softmodem -O /opt/oai-gnb/etc/gnb.yaml -E --rfsim --log_config.global_log_options level,nocolor,time
CMDLINE: "/opt/oai-gnb/bin/nr-softmodem" "-O" "/opt/oai-gnb/etc/gnb.yaml" "-E" "--rfsim" "--log_config.global_log_options" "level,nocolor,time" 
145866.134937 [UTIL]   W mlockall() failed: 12, Cannot allocate memory
145866.135858 [UTIL]   I running in SA mode (no --phy-test, --do-ra, --nsa option present)
145867.138128 [OPT]    I OPT disabled
145867.138151 [HW]     I Version: Branch: HEAD Abrev. Hash: ed4cca814a Date: Thu Jan 22 14:27:15 2026 +0000
145867.139843 [GNB_APP] I Initialized RAN Context: RC.nb_nr_inst = 1, RC.nb_nr_macrlc_inst = 1, RC.nb_nr_L1_inst = 1, RC.nb_RU = 1, RC.nb_nr_CC[0] = 1
145867.139878 [NR_PHY] I Initializing gNB RAN context: RC.nb_nr_L1_inst = 1 
145867.139969 [NR_PHY] I Registered with MAC interface module (0x560ff5ad53a0)
145867.140182 [NR_PHY] I Initializing NR L1: RC.nb_nr_L1_inst = 1
145867.144774 [NR_PHY] I L1_RX_THREAD_CORE -1 (15)
145867.144817 [NR_PHY] I TX_AMP = 519 (-36 dBFS)
145867.145648 [PHY]    I No prs_config configuration found..!!
145867.150654 [GNB_APP] I pdsch_AntennaPorts N1 1 N2 1 XP 1 pusch_AntennaPorts 1
145867.151284 [GNB_APP] I minTXRXTIME 6
145867.151295 [GNB_APP] I CSI-RS 0, SRS 0, report type 0 (ssb_rsrp), 256 QAM may be on, delta_MCS off, maxMIMO_Layers -1, HARQ feedback enabled, num DLHARQ:16, num ULHARQ:16
145867.151649 [GNB_APP] I No RedCap configuration found
145867.152054 [GNB_APP] I No PTRS configuration found
145867.152882 [GNB_APP] I sr_ProhibitTimer 0, sr_TransMax 64, sr_ProhibitTimer_v1700 0, t300 400, t301 400, t310 2000, n310 10, t311 3000, n311 1, t319 400
145867.152898 [NR_MAC] I Candidates per PDCCH aggregation level on UESS: L1: 0, L2: 2, L4: 0, L8: 0, L16: 0
145867.154525 [RRC]    I Read in ServingCellConfigCommon (PhysCellId 0, ABSFREQSSB 621312, DLBand 78, ABSFREQPOINTA 620040, DLBW 106,RACH_TargetReceivedPower -104
145867.154549 [RRC]    I absoluteFrequencySSB 621312 corresponds to 3319680000 Hz
145867.154597 [NR_MAC] I TDD period index = 6, based on the sum of dl_UL_TransmissionPeriodicity from Pattern1 (5.000000 ms) and Pattern2 (0.000000 ms): Total = 5.000000 ms
145867.156203 [UTIL]   I threadCreate() for MAC_STATS: creating thread with affinity ffffffff, priority 2
145867.156427 [NR_MAC] I PUSCH Target 200, PUCCH Target 200, PUCCH Failure 10, PUSCH Failure 10
145867.157190 [NR_PHY] I Copying 0 blacklisted PRB to L1 context
145867.157287 [NR_MAC] I Set TX antenna number to 1, Set RX antenna number to 1 (num ssb 1: 80000000,0)
145867.157299 [NR_MAC] I TDD period index = 6, based on the sum of dl_UL_TransmissionPeriodicity from Pattern1 (5.000000 ms) and Pattern2 (0.000000 ms): Total = 5.000000 ms
145867.157304 [NR_MAC] I Set TDD configuration period to: 8 DL slots, 3 UL slots, 10 slots per period (NR_TDD_UL_DL_Pattern is 7 DL slots, 2 UL slots, 6 DL symbols, 4 UL symbols)
145867.157306 [NR_MAC] I Configured 1 TDD patterns (total slots: pattern1 = 10, pattern2 = 0)
145867.157309 [NR_PHY] I Set TDD Period Configuration: 2 periods per frame, 20 slots to be configured (8 DL, 3 UL)
145867.157314 [NR_PHY] I TDD period configuration: slot 0 is DOWNLINK
145867.157329 [NR_PHY] I TDD period configuration: slot 1 is DOWNLINK
145867.157331 [NR_PHY] I TDD period configuration: slot 2 is DOWNLINK
145867.157332 [NR_PHY] I TDD period configuration: slot 3 is DOWNLINK
145867.157334 [NR_PHY] I TDD period configuration: slot 4 is DOWNLINK
145867.157335 [NR_PHY] I TDD period configuration: slot 5 is DOWNLINK
145867.157337 [NR_PHY] I TDD period configuration: slot 6 is DOWNLINK
145867.157341 [NR_PHY] I TDD period configuration: slot 7 is FLEXIBLE: DDDDDDFFFFUUUU
145867.157344 [NR_PHY] I TDD period configuration: slot 8 is UPLINK
145867.157345 [NR_PHY] I TDD period configuration: slot 9 is UPLINK
145867.157351 [NR_MAC] I Command line parameters for OAI UE: -C 3319680000 -r 106 --numerology 1 --band 78 --ssb 516 -E
145867.157371 [NR_PHY] I dlfreq:3319680 ulfreq:3319680 deltaduplex:0 khz, uldl_min_offset:0 khz
145867.157382 [NR_PHY] I dlfreq:3319680 ulfreq:3319680 deltaduplex:0 khz, uldl_min_offset:0 khz
145867.157384 [NR_PHY] I dlfreq:3319680 ulfreq:3319680 deltaduplex:0 khz, uldl_min_offset:0 khz
145867.157386 [NR_PHY] I dlfreq:3319680 ulfreq:3319680 deltaduplex:0 khz, uldl_min_offset:0 khz
145867.157390 [PHY]    I DL frequency 3319680000 Hz, UL frequency 3319680000 Hz: band 78, uldl offset 0 Hz
145867.157393 [PHY]    I Initializing frame parms for mu 1, N_RB 106, Ncp 0
145867.157397 [PHY]    I Init: N_RB_DL 106, first_carrier_offset 900, nb_prefix_samples 108,nb_prefix_samples0 132, ofdm_symbol_size 1536
145867.157834 [NR_MAC] I TDA index 0: start 0 length 13 k2 6
145867.158036 [NR_MAC] I TDA index 1: start 10 length 3 k2 6
145867.161078 [NR_RRC] I SIB1 freq: offsetToPointA 86
145867.161373 [GNB_APP] I F1AP: gNB idx 0 gNB_DU_id 3584, gNB_DU_name oai-rfsim, TAC 1 MCC/MNC/length 1/1/2 cellID 12345678
145867.161383 [GNB_APP] I ngran_DU: Configuring Cell 0 for TDD
145867.170328 [GNB_APP] I SDAP layer is disabled
145867.170343 [GNB_APP] I Data Radio Bearer count 1
145867.172073 [UTIL]   I threadCreate() for TASK_SCTP: creating thread with affinity ffffffff, priority 50
145867.172458 [X2AP]   I X2AP is disabled.
145867.172483 [UTIL]   I threadCreate() for TASK_GNB_APP: creating thread with affinity ffffffff, priority 50
145867.173429 [UTIL]   I threadCreate() for TASK_GTPV1_U: creating thread with affinity ffffffff, priority 50
145867.173646 [UTIL]   I threadCreate() for TASK_DU_F1: creating thread with affinity ffffffff, priority 50
145867.173824 [F1AP]   I Starting F1AP at DU
145867.173872 [F1AP]   I F1-C DU IPaddr 10.0.6.112, connect to F1-C CU 10.0.6.91, binding GTP to 10.0.6.112
145867.173985 [GTPU]   I Initializing UDP for local address 10.0.6.112 with port 2153
145867.174247 [GTPU]   I Created gtpu instance id: 90
145867.174261 [UTIL]   I threadCreate() for GTPrx_90: creating thread with affinity ffffffff, priority 50
145867.175109 [UTIL]   I threadCreate() for time source iq samples: creating thread with affinity ffffffff, priority 2
145867.175409 [UTIL]   I time manager configuration: [time source: iq_samples] [mode: standalone] [server IP: 127.0.0.1} [server port: 7374] (server IP/port not used)
145867.175826 [MAC]    I received F1 Setup Response from CU oai-cu
145867.175858 [MAC]    I CU uses RRC version 17.3.0
145867.175944 [MAC]    I Clearing the DU's UE states before, if any.
145867.176350 [MAC]    I received gNB-DU configuration update acknowledge
145867.226730 [PHY]    I RU clock source set as internal
145867.227084 [PHY]    I number of L1 instances 1, number of RU 1, number of CPU cores 16
145867.229792 [PHY]    I Initialized RU proc 0 (,synch_to_ext_device),
145867.229806 [PHY]    I RU thread-pool core string -1,-1 (size 2)
145867.229825 [UTIL]   I threadCreate() for Tpool0_-1: creating thread with affinity ffffffff, priority 97
145867.229996 [UTIL]   I threadCreate() for Tpool1_-1: creating thread with affinity ffffffff, priority 97
145867.231764 [UTIL]   I threadCreate() for ru_thread: creating thread with affinity ffffffff, priority 97
145867.231904 [PHY]    I Starting RU 0 (,synch_to_ext_device) on cpu 12
145867.231918 [PHY]    I Initializing frame parms for mu 1, N_RB 106, Ncp 0
145867.231921 [PHY]    I Init: N_RB_DL 106, first_carrier_offset 900, nb_prefix_samples 108,nb_prefix_samples0 132, ofdm_symbol_size 1536
145867.231927 [PHY]    I fp->scs=30000
145867.231931 [PHY]    I fp->ofdm_symbol_size=1536
145867.231933 [PHY]    I fp->nb_prefix_samples0=132
145867.231934 [PHY]    I fp->nb_prefix_samples=108
145867.231936 [PHY]    I fp->slots_per_subframe=2
145867.231937 [PHY]    I fp->samples_per_subframe_wCP=43008
145867.231939 [PHY]    I fp->samples_per_frame_wCP=430080
145867.231940 [PHY]    I fp->samples_per_subframe=46080
145867.231942 [PHY]    I fp->samples_per_frame=460800
145867.231944 [PHY]    I fp->dl_CarrierFreq=3319680000
145867.231945 [PHY]    I fp->ul_CarrierFreq=3319680000
145867.231947 [PHY]    I fp->Nid_cell=0
145867.231948 [PHY]    I fp->first_carrier_offset=900
145867.231950 [PHY]    I fp->ssb_start_subcarrier=0
145867.231951 [PHY]    I fp->Ncp=0
145867.231952 [PHY]    I fp->N_RB_DL=106
145867.231956 [PHY]    I fp->numerology_index=1
145867.231958 [PHY]    I fp->nr_band=78
145867.231959 [PHY]    I fp->ofdm_offset_divisor=8
145867.231960 [PHY]    I fp->threequarter_fs=1
145867.231962 [PHY]    I fp->sl_CarrierFreq=0
145867.231963 [PHY]    I fp->N_RB_SL=0
145867.231968 [NR_PHY] I nb_tx_streams 1, nb_rx_streams 1, num_Beams_period 1
145867.237884 [PHY]    I Setting RF config for N_RB 106, NB_RX 1, NB_TX 1
145867.237897 [PHY]    I tune_offset 0 Hz, sample_rate 46080000 Hz
145867.237907 [PHY]    I Channel 0: setting tx_gain offset 0, tx_freq 3319680000 Hz
145867.237910 [PHY]    I Channel 0: setting rx_gain offset 114, rx_freq 3319680000 Hz
145867.239912 [HW]     I Running as server waiting opposite rfsimulators to connect
145867.240124 [HW]     I [RAU] has loaded RFSIMULATOR device.
145867.240134 [PHY]    I RU 0 Setting N_TA_offset to 600 samples (UL Freq 3300600, N_RB 106, mu 1)
145867.240138 [PHY]    I Signaling main thread that RU 0 is ready, sl_ahead 6
145867.240190 [PHY]    I L1 configured without analog beamforming
145867.942628 [PHY]    I Attaching RU 0 antenna 0 to gNB antenna 0
145867.942841 [UTIL]   I threadCreate() for Tpool0_-1: creating thread with affinity ffffffff, priority 97
145867.943262 [UTIL]   I threadCreate() for Tpool1_-1: creating thread with affinity ffffffff, priority 97
145867.943371 [UTIL]   I threadCreate() for Tpool2_-1: creating thread with affinity ffffffff, priority 97
145867.943453 [UTIL]   I threadCreate() for Tpool3_-1: creating thread with affinity ffffffff, priority 97
145867.943605 [UTIL]   I threadCreate() for Tpool4_-1: creating thread with affinity ffffffff, priority 97
145867.943714 [UTIL]   I threadCreate() for Tpool5_-1: creating thread with affinity ffffffff, priority 97
145867.943798 [UTIL]   I threadCreate() for Tpool6_-1: creating thread with affinity ffffffff, priority 97
145867.943910 [UTIL]   I threadCreate() for Tpool7_-1: creating thread with affinity ffffffff, priority 97
145867.944079 [UTIL]   I threadCreate() for L1_rx_thread: creating thread with affinity ffffffff, priority 97
145867.944268 [UTIL]   I threadCreate() for L1_tx_thread: creating thread with affinity ffffffff, priority 97
145867.944506 [UTIL]   I threadCreate() for L1_stats: creating thread with affinity ffffffff, priority 1
145867.944647 [PHY]    I got sync (ru_thread)
[CONFIG] function config_yaml_init returned 0
DL frequency 3319680000: band 78, UL frequency 3319680000
E2 agent is DISABLED (for activation, define .e2_agent.{near_ric_ip_addr,sm_dir} parameters)
Initializing random number generator, seed 12284996885524633783
TYPE <CTRL-C> TO TERMINATE
145867.944686 [PHY]    I got sync (L1_stats_thread)
145867.944842 [PHY]    I RU 0 rf device ready
145867.944849 [PHY]    I RU 0 RF started cpu_meas_enabled 0
145867.944861 [HW]     I No connected device, generating void samples...
145869.403750 [PHY]    A Command line parameters for OAI UE: -C 3319680000 -r 106 --numerology 1 --ssb 516 -E
145870.698606 [NR_MAC] I Frame.Slot 128.0

145870.954634 [HW]     I Client connects from ::ffff:10.0.6.28:2219
145870.955426 [HW]     A RFsim: Number of antennas changed from 0 to 1
145871.373042 [NR_MAC] I Frame.Slot 256.0

145871.461638 [NR_PHY] A [RAPROC] 279.19 Initiating RA procedure with preamble 5, energy 44.3 dB (I0 0, thres 200), delay 0 start symbol 0 freq index 0
145871.461817 [NR_MAC] A 279.19 UE RA-RNTI 010b TC-RNTI 7490: initiating RA procedure
145871.461828 [NR_MAC] I UE 7490: Sync beam index 0
145871.462530 [NR_MAC] I UE 7490: Msg3 scheduled at 280.19 (280.10 TDA 0) start 0 RBs 8
145871.462544 [NR_MAC] A UE 7490: 280.10 Generating RA-Msg2 DCI, RA RNTI 0x10b, state 1, preamble_index(RAPID) 5, timing_offset = 0 (estimated distance 0.0 [m])
145871.466353 [NR_MAC] A  280.19 PUSCH with TC_RNTI 0x7490 received correctly
145871.466366 [MAC]    I [RAPROC] Received SDU for CCCH length 6 for UE 7490
145871.466398 [RLC]    I Activated srb0 for UE 29840
145871.466454 [RLC]    I Added srb 1 to UE 29840
145871.466612 [NR_MAC] I Activating scheduling Msg4 for TC_RNTI 0x7490 (state WAIT_Msg3)
145871.468659 [NR_MAC] E Cannot find free vrb_map for RNTI 7490!
145871.469097 [NR_MAC] I UE 7490 Generate Msg4: feedback at  282. 7, payload 157 bytes, next state nrRA_WAIT_Msg4_MsgB_ACK
145871.471846 [NR_MAC] A  282. 7 UE 7490: Received Ack of Msg4. CBRA procedure succeeded (UE Connected)
145871.471872 [NR_MAC] I Adding new UE context with RNTI 0x7490
145871.637455 [RLC]    I Added srb 2 to UE 29840
145871.637534 [RLC]    I Added drb 1 to UE 29840
145871.637538 [RLC]    I Added DRB to UE 29840
145871.637548 [GTPU]   I [90] UE ID 29840: Create tunnel TEID incoming 0xc172fd61 outgoing 0x657e00eb to remote IPv4 10.0.6.91, IPv6 ::, port 2153
145871.646540 [NR_MAC] W Received ACK for RRCReconfiguration, but nothing to apply!
145871.659246 [NR_MAC] I DU received confirmation of successful RRC Reconfiguration
145871.848022 [NR_MAC] I Frame.Slot 384.0
UE RNTI 7490 CU-UE-ID 1 in-sync PH 48 dB PCMAX 20 dBm, average RSRP -44 (12 meas)
UE 7490: dlsch_rounds 18/0/0/0, dlsch_errors 0, pucch0_DTX 0, BLER 0.05314 MCS (0) 0 CCE fail 0
UE 7490: ulsch_rounds 49/0/0/0, ulsch_errors 0, ulsch_DTX 0, BLER 0.04305 MCS (0) 0 (Qm 2 deltaMCS 0 dB) NPRB 5  SNR 51.0 dB CCE fail 0
UE 7490: MAC:    TX            770 RX           1270 bytes
UE 7490: LCID 1: TX            534 RX            289 bytes
UE 7490: LCID 2: TX              0 RX              0 bytes
UE 7490: LCID 4: TX              3 RX             54 bytes

145872.309553 [NR_MAC] I Frame.Slot 512.0
UE RNTI 7490 CU-UE-ID 1 in-sync PH 48 dB PCMAX 20 dBm, average RSRP -44 (16 meas)
UE 7490: dlsch_rounds 19/0/0/0, dlsch_errors 0, pucch0_DTX 0, BLER 0.04783 MCS (0) 0 CCE fail 0
UE 7490: ulsch_rounds 62/0/0/0, ulsch_errors 0, ulsch_DTX 0, BLER 0.01094 MCS (0) 0 (Qm 2 deltaMCS 0 dB) NPRB 5  SNR 51.0 dB CCE fail 0
UE 7490: MAC:    TX            791 RX           1530 bytes
UE 7490: LCID 1: TX            534 RX            289 bytes
UE 7490: LCID 2: TX              0 RX              0 bytes
UE 7490: LCID 4: TX              3 RX             54 bytes

145872.773980 [NR_MAC] I Frame.Slot 640.0
UE RNTI 7490 CU-UE-ID 1 in-sync PH 48 dB PCMAX 20 dBm, average RSRP -44 (16 meas)
UE 7490: dlsch_rounds 20/0/0/0, dlsch_errors 0, pucch0_DTX 0, BLER 0.04305 MCS (0) 0 CCE fail 0
UE 7490: ulsch_rounds 75/0/0/0, ulsch_errors 0, ulsch_DTX 0, BLER 0.00278 MCS (0) 0 (Qm 2 deltaMCS 0 dB) NPRB 5  SNR 51.0 dB CCE fail 0
UE 7490: MAC:    TX            812 RX           1790 bytes
UE 7490: LCID 1: TX            534 RX            289 bytes
UE 7490: LCID 2: TX              0 RX              0 bytes
UE 7490: LCID 4: TX              3 RX             54 bytes

145873.228018 [NR_MAC] I Frame.Slot 768.0
UE RNTI 7490 CU-UE-ID 1 in-sync PH 48 dB PCMAX 20 dBm, average RSRP -44 (16 meas)
UE 7490: dlsch_rounds 21/0/0/0, dlsch_errors 0, pucch0_DTX 0, BLER 0.03874 MCS (0) 0 CCE fail 0
UE 7490: ulsch_rounds 87/0/0/0, ulsch_errors 0, ulsch_DTX 0, BLER 0.00079 MCS (0) 0 (Qm 2 deltaMCS 0 dB) NPRB 5  SNR 51.0 dB CCE fail 0
UE 7490: MAC:    TX            833 RX           2030 bytes
UE 7490: LCID 1: TX            534 RX            289 bytes
UE 7490: LCID 2: TX              0 RX              0 bytes
UE 7490: LCID 4: TX              3 RX             54 bytes

145873.685933 [NR_MAC] I Frame.Slot 896.0
UE RNTI 7490 CU-UE-ID 1 in-sync PH 48 dB PCMAX 20 dBm, average RSRP -44 (16 meas)
UE 7490: dlsch_rounds 23/0/0/0, dlsch_errors 0, pucch0_DTX 0, BLER 0.03138 MCS (0) 0 CCE fail 0
UE 7490: ulsch_rounds 100/0/0/0, ulsch_errors 0, ulsch_DTX 0, BLER 0.00020 MCS (0) 0 (Qm 2 deltaMCS 0 dB) NPRB 5  SNR 51.0 dB CCE fail 0
UE 7490: MAC:    TX            875 RX           2290 bytes
UE 7490: LCID 1: TX            534 RX            289 bytes
UE 7490: LCID 2: TX              0 RX              0 bytes
UE 7490: LCID 4: TX              3 RX             54 bytes

145874.140792 [NR_MAC] I Frame.Slot 0.0
UE RNTI 7490 CU-UE-ID 1 in-sync PH 48 dB PCMAX 20 dBm, average RSRP -44 (16 meas)
UE 7490: dlsch_rounds 24/0/0/0, dlsch_errors 0, pucch0_DTX 0, BLER 0.02824 MCS (0) 0 CCE fail 0
UE 7490: ulsch_rounds 113/0/0/0, ulsch_errors 0, ulsch_DTX 0, BLER 0.00005 MCS (0) 0 (Qm 2 deltaMCS 0 dB) NPRB 5  SNR 51.0 dB CCE fail 0
UE 7490: MAC:    TX            896 RX           2550 bytes
UE 7490: LCID 1: TX            534 RX            289 bytes
UE 7490: LCID 2: TX              0 RX              0 bytes
UE 7490: LCID 4: TX              3 RX             54 bytes

145874.601835 [NR_MAC] I Frame.Slot 128.0
UE RNTI 7490 CU-UE-ID 1 in-sync PH 48 dB PCMAX 20 dBm, average RSRP -44 (16 meas)
UE 7490: dlsch_rounds 25/0/0/0, dlsch_errors 0, pucch0_DTX 0, BLER 0.02542 MCS (0) 0 CCE fail 0
UE 7490: ulsch_rounds 126/0/0/0, ulsch_errors 0, ulsch_DTX 0, BLER 0.00001 MCS (0) 0 (Qm 2 deltaMCS 0 dB) NPRB 5  SNR 51.0 dB CCE fail 0
UE 7490: MAC:    TX            917 RX           2810 bytes
UE 7490: LCID 1: TX            534 RX            289 bytes
UE 7490: LCID 2: TX              0 RX              0 bytes
UE 7490: LCID 4: TX              3 RX             54 bytes

145875.059013 [NR_MAC] I Frame.Slot 256.0
UE RNTI 7490 CU-UE-ID 1 in-sync PH 48 dB PCMAX 20 dBm, average RSRP -44 (16 meas)
UE 7490: dlsch_rounds 26/0/0/0, dlsch_errors 0, pucch0_DTX 0, BLER 0.02288 MCS (0) 0 CCE fail 0
UE 7490: ulsch_rounds 139/0/0/0, ulsch_errors 0, ulsch_DTX 0, BLER 0.00000 MCS (0) 0 (Qm 2 deltaMCS 0 dB) NPRB 5  SNR 51.0 dB CCE fail 0
UE 7490: MAC:    TX            938 RX           3070 bytes
UE 7490: LCID 1: TX            534 RX            289 bytes
UE 7490: LCID 2: TX              0 RX              0 bytes
UE 7490: LCID 4: TX              3 RX             54 bytes

145875.514537 [NR_MAC] I Frame.Slot 384.0
UE RNTI 7490 CU-UE-ID 1 in-sync PH 48 dB PCMAX 20 dBm, average RSRP -44 (16 meas)
UE 7490: dlsch_rounds 28/0/0/0, dlsch_errors 0, pucch0_DTX 0, BLER 0.01853 MCS (0) 0 CCE fail 0
UE 7490: ulsch_rounds 151/0/0/0, ulsch_errors 0, ulsch_DTX 0, BLER 0.00000 MCS (0) 0 (Qm 2 deltaMCS 0 dB) NPRB 5  SNR 51.0 dB CCE fail 0
UE 7490: MAC:    TX            980 RX           3310 bytes
UE 7490: LCID 1: TX            534 RX            289 bytes
UE 7490: LCID 2: TX              0 RX              0 bytes
UE 7490: LCID 4: TX              3 RX             54 bytes

145875.971026 [NR_MAC] I Frame.Slot 512.0
UE RNTI 7490 CU-UE-ID 1 in-sync PH 48 dB PCMAX 20 dBm, average RSRP -44 (16 meas)
UE 7490: dlsch_rounds 29/0/0/0, dlsch_errors 0, pucch0_DTX 0, BLER 0.01668 MCS (0) 0 CCE fail 0
UE 7490: ulsch_rounds 164/0/0/0, ulsch_errors 0, ulsch_DTX 0, BLER 0.00000 MCS (0) 0 (Qm 2 deltaMCS 0 dB) NPRB 5  SNR 51.0 dB CCE fail 0
UE 7490: MAC:    TX           1001 RX           3570 bytes
UE 7490: LCID 1: TX            534 RX            289 bytes
UE 7490: LCID 2: TX              0 RX              0 bytes
UE 7490: LCID 4: TX              3 RX             54 bytes

145876.424590 [NR_MAC] I Frame.Slot 640.0
UE RNTI 7490 CU-UE-ID 1 in-sync PH 48 dB PCMAX 20 dBm, average RSRP -44 (16 meas)
UE 7490: dlsch_rounds 31/0/0/0, dlsch_errors 0, pucch0_DTX 0, BLER 0.01351 MCS (0) 0 CCE fail 0
UE 7490: ulsch_rounds 182/0/0/0, ulsch_errors 0, ulsch_DTX 0, BLER 0.00000 MCS (0) 0 (Qm 2 deltaMCS 0 dB) NPRB 5  SNR 51.0 dB CCE fail 0
UE 7490: MAC:    TX           1043 RX           4056 bytes
UE 7490: LCID 1: TX            534 RX            289 bytes
UE 7490: LCID 2: TX              0 RX              0 bytes
UE 7490: LCID 4: TX              6 RX            108 bytes

145876.877113 [NR_MAC] I Frame.Slot 768.0
UE RNTI 7490 CU-UE-ID 1 in-sync PH 48 dB PCMAX 20 dBm, average RSRP -44 (16 meas)
UE 7490: dlsch_rounds 33/0/0/0, dlsch_errors 0, pucch0_DTX 0, BLER 0.01094 MCS (0) 0 CCE fail 0
UE 7490: ulsch_rounds 195/0/0/0, ulsch_errors 0, ulsch_DTX 0, BLER 0.00000 MCS (0) 0 (Qm 2 deltaMCS 0 dB) NPRB 5  SNR 51.0 dB CCE fail 0
UE 7490: MAC:    TX           1085 RX           4316 bytes
UE 7490: LCID 1: TX            534 RX            289 bytes
UE 7490: LCID 2: TX              0 RX              0 bytes
UE 7490: LCID 4: TX              6 RX            108 bytes

145877.330410 [NR_MAC] I Frame.Slot 896.0
UE RNTI 7490 CU-UE-ID 1 in-sync PH 48 dB PCMAX 20 dBm, average RSRP -44 (16 meas)
UE 7490: dlsch_rounds 34/0/0/0, dlsch_errors 0, pucch0_DTX 0, BLER 0.00985 MCS (0) 0 CCE fail 0
UE 7490: ulsch_rounds 208/0/0/0, ulsch_errors 0, ulsch_DTX 0, BLER 0.00000 MCS (0) 0 (Qm 2 deltaMCS 0 dB) NPRB 5  SNR 51.0 dB CCE fail 0
UE 7490: MAC:    TX           1106 RX           4576 bytes
UE 7490: LCID 1: TX            534 RX            289 bytes
UE 7490: LCID 2: TX              0 RX              0 bytes
UE 7490: LCID 4: TX              6 RX            108 bytes

145877.639677 [SCTP]   W Received SCTP SHUTDOWN EVENT
145877.639749 [F1AP]   W Received unsuccessful result for SCTP association (1), instance 0, cnx_id 0, retrying...

** Caught SIGTERM, shutting down
145877.779692 [GNB_APP] I stopping nr-softmodem
145877.779700 [PHY]    I Killing gNB 0 processing threads
145877.947191 [PHY]    I Stopping RU 0 processing threads
145877.947845 [PHY]    I RU 0 RF device stopped
145877.947929 [GNB_APP] I turned off RU rfdevice
145877.964586 [NR_MAC] I Remove NR rnti 0x7490
Returned from ITTI signal handler
Bye.
[INFO  tini (1)] Spawned child process '/opt/oai-gnb/bin/entrypoint.sh' with pid '2'
[INFO  tini (1)] Main child exited normally (with status '0')
