CMDLINE: "/opt/oai-nr-ue/bin/nr-uesoftmodem" "-O" "/opt/oai-nr-ue/etc/nr-ue.conf" "-E" "--rfsim" "-r" "106" "--numerology" "1" "-C" "3319680000" "--log_config.global_log_options" "level,nocolor,time" "--rfsimulator.serveraddr" "10.0.6.112" 
145869.089141 [UTIL]   I running in SA mode (no --phy-test, --do-ra, --nsa option present)
145869.089175 [UTIL]   I threadCreate() for Tpool0_-1: creating thread with affinity ffffffff, priority 97
145869.089896 [UTIL]   I threadCreate() for Tpool1_-1: creating thread with affinity ffffffff, priority 97
145869.089997 [UTIL]   I threadCreate() for Tpool2_-1: creating thread with affinity ffffffff, priority 97
145869.090137 [UTIL]   I threadCreate() for Tpool3_-1: creating thread with affinity ffffffff, priority 97
145869.090414 [UTIL]   I threadCreate() for Tpool4_-1: creating thread with affinity ffffffff, priority 97
145869.090524 [UTIL]   I threadCreate() for Tpool5_-1: creating thread with affinity ffffffff, priority 97
145869.090789 [UTIL]   I threadCreate() for Tpool6_-1: creating thread with affinity ffffffff, priority 97
145869.090958 [UTIL]   I threadCreate() for Tpool7_-1: creating thread with affinity ffffffff, priority 97
145870.101625 [OPT]    I OPT disabled
145870.102726 [HW]     I Version: Branch: HEAD Abrev. Hash: ed4cca814a Date: Thu Jan 22 14:27:15 2026 +0000
145870.106105 [NR_RRC] I create TASK_RRC_NRUE 
145870.106124 [UTIL]   I threadCreate() for TASK_RRC_NRUE: creating thread with affinity ffffffff, priority 50
145870.106274 [UTIL]   I threadCreate() for TASK_NAS_NRUE: creating thread with affinity ffffffff, priority 50
145870.106636 [SIM]    I UICC simulation: IMSI=001010000062653, IMEISV=6754567890123413, Ki=8baf473f2f8fd09487cccbd7097c6862, OPc=8e27b6af0e692e750f32667a3b14605d, DNN=Internet, SST=0x01, SD=0xffffff
145870.106703 [NR_MAC] I [UE0] Initializing MAC
145870.106731 [NR_MAC] I Initializing dl and ul config_request. num_slots = 20
145870.106842 [RLC]    I Activated srb0 for UE 0
145870.106867 [UTIL]   I threadCreate() for time source iq samples: creating thread with affinity ffffffff, priority 2
145870.106961 [UTIL]   I time manager configuration: [time source: iq_samples] [mode: standalone] [server IP: 127.0.0.1} [server port: 7374] (server IP/port not used)
145870.106972 [PHY]    I Set UE_fo_compensation 0, UE_scan_carrier 0, UE_no_timing_correction 0 
, chest-freq 0, chest-time 0
145870.107439 [PHY]    I Set UE nb_rx_antenna 1, nb_tx_antenna 1, threequarter_fs 1, ssb_start_subcarrier 516
145870.107455 [PHY]    I SA init parameters. DL freq 3319680000 UL offset 0 SSB numerology 1 N_RB_DL 106
145870.107464 [PHY]    I Init: N_RB_DL 106, first_carrier_offset 900, nb_prefix_samples 108,nb_prefix_samples0 132, ofdm_symbol_size 1536
145870.107477 [PHY]    W samples_per_subframe 46080/per second 46080000, wCP 43008
145870.107487 [UTIL]   I threadCreate() for SYNC__actor: creating thread with affinity ffffffff, priority 97
145870.108012 [UTIL]   I threadCreate() for DL__actor: creating thread with affinity ffffffff, priority 97
145870.108104 [UTIL]   I threadCreate() for DL__actor: creating thread with affinity ffffffff, priority 97
145870.108195 [UTIL]   I threadCreate() for DL__actor: creating thread with affinity ffffffff, priority 97
145870.108359 [UTIL]   I threadCreate() for DL__actor: creating thread with affinity ffffffff, priority 97
145870.108438 [UTIL]   I threadCreate() for UL__actor: creating thread with affinity ffffffff, priority 97
145870.108603 [UTIL]   I threadCreate() for UL__actor: creating thread with affinity ffffffff, priority 97
145870.108761 [PHY]    I Initializing UE vars for gNB TXant 1, UE RXant 1
145870.393114 [PHY]    I prs_config configuration NOT found..!! Skipped configuring UE for the PRS reception
145870.779550 [PHY]    I HW: Configuring card 0, sample_rate 46080000.000000, tx/rx num_channels 1/1, duplex_mode TDD
145870.779584 [PHY]    I HW: Configuring channel 0 (rf_chain 0): setting tx_freq 3319680000 Hz, rx_freq 3319680000 Hz, tune_offset 0
145870.779591 [PHY]    I HW: Configuring channel 0 (rf_chain 0): setting tx_gain 0, rx_gain 110
145870.779598 [PHY]    I HW: Configuring card 1, sample_rate 46080000.000000, tx/rx num_channels 1/1, duplex_mode TDD
145870.779620 [PHY]    I HW: Configuring channel 0 (rf_chain 0): setting tx_freq 3319680000 Hz, rx_freq 3319680000 Hz, tune_offset 0
145870.779625 [PHY]    I HW: Configuring channel 0 (rf_chain 0): setting tx_gain 0, rx_gain 110
145870.779630 [PHY]    I HW: Configuring card 2, sample_rate 46080000.000000, tx/rx num_channels 1/1, duplex_mode TDD
145870.779694 [PHY]    I HW: Configuring channel 0 (rf_chain 0): setting tx_freq 3319680000 Hz, rx_freq 3319680000 Hz, tune_offset 0
145870.779698 [PHY]    I HW: Configuring channel 0 (rf_chain 0): setting tx_gain 0, rx_gain 110
145870.779704 [PHY]    I HW: Configuring card 3, sample_rate 46080000.000000, tx/rx num_channels 1/1, duplex_mode TDD
145870.779706 [PHY]    I HW: Configuring channel 0 (rf_chain 0): setting tx_freq 3319680000 Hz, rx_freq 3319680000 Hz, tune_offset 0
145870.779709 [PHY]    I HW: Configuring channel 0 (rf_chain 0): setting tx_gain 0, rx_gain 110
145870.779713 [PHY]    I HW: Configuring card 4, sample_rate 46080000.000000, tx/rx num_channels 1/1, duplex_mode TDD
145870.779716 [PHY]    I HW: Configuring channel 0 (rf_chain 0): setting tx_freq 3319680000 Hz, rx_freq 3319680000 Hz, tune_offset 0
145870.779719 [PHY]    I HW: Configuring channel 0 (rf_chain 0): setting tx_gain 0, rx_gain 110
145870.779727 [PHY]    I HW: Configuring card 5, sample_rate 46080000.000000, tx/rx num_channels 1/1, duplex_mode TDD
145870.779730 [PHY]    I HW: Configuring channel 0 (rf_chain 0): setting tx_freq 3319680000 Hz, rx_freq 3319680000 Hz, tune_offset 0
145870.779733 [PHY]    I HW: Configuring channel 0 (rf_chain 0): setting tx_gain 0, rx_gain 110
145870.779737 [PHY]    I HW: Configuring card 6, sample_rate 46080000.000000, tx/rx num_channels 1/1, duplex_mode TDD
145870.779740 [PHY]    I HW: Configuring channel 0 (rf_chain 0): setting tx_freq 3319680000 Hz, rx_freq 3319680000 Hz, tune_offset 0
145870.779742 [PHY]    I HW: Configuring channel 0 (rf_chain 0): setting tx_gain 0, rx_gain 110
145870.779747 [PHY]    I HW: Configuring card 7, sample_rate 46080000.000000, tx/rx num_channels 1/1, duplex_mode TDD
145870.779749 [PHY]    I HW: Configuring channel 0 (rf_chain 0): setting tx_freq 3319680000 Hz, rx_freq 3319680000 Hz, tune_offset 0
145870.779751 [PHY]    I HW: Configuring channel 0 (rf_chain 0): setting tx_gain 0, rx_gain 110
145870.943605 [PHY]    I Intializing UE Threads for instance 0 ...
145870.943632 [UTIL]   I threadCreate() for UEthread_0: creating thread with affinity ffffffff, priority 97
145870.947615 [UTIL]   I threadCreate() for L1_UE_stats_0: creating thread with affinity ffffffff, priority 1
145870.954169 [HW]     I Running as client: will connect to a rfsimulator server side
145870.954313 [HW]     I [RRU] has loaded RFSIMULATOR device.
145870.954318 [HW]     I Trying to connect to 10.0.6.112:4043
145870.954554 [HW]     I Connection to 10.0.6.112:4043 established
145870.954718 [HW]     A RFsim: Number of antennas changed from 0 to 1
145871.322293 [PHY]    W SSB position provided
145871.322337 [NR_PHY] W Starting sync detection
145871.322345 [PHY]    I [UE thread Synch] Running Initial Synch 
145871.322348 [NR_PHY] I Starting cell search with center freq: 3319680000, bandwidth: 106. Scanning for 1 number of GSCN.
145871.324205 [NR_PHY] I Scanning GSCN: 0, with SSB offset: 516, SSB Freq: 0.000000
145871.448101 [PHY]    A Initial sync: pbch decoded sucessfully, ssb index 0
145871.448122 [PHY]    I pbch rx ok. rsrp:51 dB/RE, adjust_rxgain:-1 dB
145871.448154 [NR_PHY] I Cell Detected with GSCN: 0, SSB SC offset: 516, SSB Ref: 0.000000, PSS Corr peak: 96 dB, PSS Corr Average: 61
145871.448380 [PHY]    I [UE0] In synch, rx_offset 69120 samples
145871.448388 [PHY]    I [UE 0] Measured Carrier Frequency offset 6 Hz
145871.448390 [PHY]    A Initial sync successful, PCI: 0
145871.448395 [PHY]    I HW: Configuring channel 0 (rf_chain 0): setting tx_freq 3319680006 Hz, rx_freq 3319680006 Hz, tune_offset 0
145871.448403 [PHY]    I Got synch: hw_slot_offset 6, carrier off 6 Hz, rxgain 0.000000 (DL 3319680006.000000 Hz, UL 3319680006.000000 Hz)
145871.448627 [NR_RRC] I [UE 0] BCCH update: phyCellID 0->0, arfcn_ssb 0->621312
145871.452837 [PHY]    A UE synchronized! decoded_frame_rx=240 UE->init_sync_frame=1 trashed_frames=36
145871.452850 [PHY]    I Resynchronizing RX by 69120 samples
145871.453281 [HW]     I received write reorder clear context
145871.453290 [PHY]    I max_pos_acc = 0, shiftForNextFrame = 0
145871.454984 [NR_RRC] A SIB1 decoded
145871.455045 [NR_MAC] I [UE 0] Initial cell selection: dl_frequency=3300600 kHz (from command-line, band=78, scs=1)
145871.455053 [NR_MAC] I Initial cell selection: uplink_frequency=0 kHz (from dl_frequency=3300600 kHz, uplink_frequency_offset=0 kHz)
145871.455058 [NR_MAC] I TDD period index = 6, based on the sum of dl_UL_TransmissionPeriodicity from Pattern1 (5.000000 ms) and Pattern2 (0.000000 ms): Total = 5.000000 ms
145871.455065 [NR_MAC] I Set TDD configuration period to: 8 DL slots, 3 UL slots, 10 slots per period (NR_TDD_UL_DL_Pattern is 7 DL slots, 2 UL slots, 6 DL symbols, 4 UL symbols)
145871.455068 [NR_MAC] I Configured 1 TDD patterns (total slots: pattern1 = 10, pattern2 = 0)
145871.455164 [PHY]    I N_TA_offset changed from 0 to 600
145871.455207 [MAC]    I Initialization of 4-Step CBRA procedure
145871.460356 [NR_MAC] I PRACH scheduler: Selected RO Frame 279, Slot 19, Symbol 0, Fdm 0
145871.460512 [PHY]    I PRACH [UE 0] in frame.slot 279.19, placing PRACH in position 1804, Msg1/MsgA-Preamble frequency start 0 (k1 0), preamble_offset 1, first_nonzero_root_idx 0, preambleIndex = 5
145871.463705 [PHY]    I [UE 0] RAR-Msg2 decoded
145871.463720 [NR_MAC] I [UE 0][RAPROC][RA-RNTI 010b] Got BI RAR subPDU 5 ms
145871.463724 [NR_MAC] I [UE 0][RAPROC][RA-RNTI 010b] Got RAPID RAR subPDU
145871.463726 [NR_MAC] A [UE 0][RAPROC][280.10] Found RAR with the intended RAPID 5
145871.463730 [MAC]    W received TA command 31
145871.464453 [NR_MAC] A [RAPROC][280.19] RA-Msg3 transmitted
145871.470434 [NR_MAC] A [UE 0][282.1][RAPROC] 4-Step RA procedure succeeded. CBRA: Contention Resolution is successful.
145871.470525 [NR_RRC] I [UE0][RAPROC] Logical Channel DL-CCCH (SRB0), Received NR_RRCSetup
145871.470704 [RLC]    I Added srb 1 to UE 0
145871.470722 [NR_RRC] I State = NR_RRC_CONNECTED
145871.470726 [MAC]    I [UE 0] Applying CellGroupConfig from gNodeB
145871.470733 [NAS]    I Generate Initial NAS Message: Registration Request
145871.470745 [NR_RRC] I [UE 0][RAPROC] Logical Channel UL-DCCH (SRB1), Generating RRCSetupComplete (bytes33)
145871.470745 [NAS]    I [UE 0] Received NR_NAS_CONN_ESTABLISH_IND: asCause 0
145871.497874 [NAS]    I [UE 0] Received NAS_DOWNLINK_DATA_IND type FGS_AUTHENTICATION_REQUEST with length 42
145871.521175 [NAS]    I [UE 0] Received NAS_DOWNLINK_DATA_IND type FGS_SECURITY_MODE_COMMAND with length 19
145871.525519 [NAS]    I Generate Initial NAS Message: Registration Request
145871.562910 [NR_RRC] I Received securityModeCommand (gNB 0)
145871.562963 [NR_RRC] I Receiving from SRB1 (DL-DCCH), Processing securityModeCommand
145871.562972 [NR_RRC] I Security algorithm is set to nea0
145871.562975 [NR_RRC] I Integrity protection algorithm is set to nia2
145871.565110 [NR_RRC] I Receiving from SRB1 (DL-DCCH), encoding securityModeComplete, rrc_TransactionIdentifier: 0
145871.582177 [NR_RRC] I Received Capability Enquiry (gNB 0)
145871.582226 [NR_RRC] I Receiving from SRB1 (DL-DCCH), Processing UECapabilityEnquiry
[CONFIG] function config_libconfig_init returned 0
UE threads created by 1
TYPE <CTRL-C> TO TERMINATE
Initializing random number generator, seed 3425740509861949469
kausf:29 72 36 59 81 e 34 dc b 1a 9 cf 57 ce 11 7a d4 90 b1 6f 87 97 3f ba 18 76 a1 b0 b6 63 33 58 
kseaf:a0 6 70 f8 a2 f5 b3 dc 81 a3 35 b9 79 c2 d0 10 7a 7c b e8 d8 84 de 4a 79 58 fb 81 55 da d5 97 
kamf:fa f0 e9 ad 36 8d a5 24 83 46 b4 29 bf a5 f6 45 fe 49 d7 8b 9f be e bd f5 97 ce 2 17 e5 4 af 
knas_int: ed 3f 1e db 52 c4 5 fe 53 27 93 9c 3e ac d0 a8 
knas_enc: a1 e5 47 51 48 2e 99 3a 27 a4 8b c4 d4 d1 d 51 
mac b1 98 d2 c6 
145871.565079 [NR_RRC] I deriving kRRCenc, kRRCint from KgNB=c5 21 c6 a2 67 32 84 05 6c 28 54 f9 b8 b8 41 01 38 d7 18 af 22 6c 4e de 42 04 a5 92 78 6c f1 b2 
145871.565125 [NR_RRC] I securityModeComplete payload: 28 00 00 00 00 00 00 00 50 4f 00 e0 dd 7f 00 00 
<UE-NR-Capability>
    <accessStratumRelease><rel15/></accessStratumRelease>
    <pdcp-Parameters>
        <supportedROHC-Profiles>
            <profile0x0000><false/></profile0x0000>
            <profile0x0001><false/></profile0x0001>
            <profile0x0002><false/></profile0x0002>
            <profile0x0003><false/></profile0x0003>
            <profile0x0004><false/></profile0x0004>
            <profile0x0006><false/></profile0x0006>
            <profile0x0101><false/></profile0x0101>
            <profile0x0102><false/></profile0x0102>
            <profile0x0103><false/></profile0x0103>
            <profile0x0104><false/></profile0x0104>
        </supportedROHC-Profiles>
        <maxNumberROHC-ContextSessions><cs2/></maxNumberROHC-ContextSessions>
    </pdcp-Parameters>
    <phy-Parameters>
    </phy-Parameters>
    <rf-Parameters>
        <supportedBandListNR>
            <BandNR>
                <bandNR>1</bandNR>
            </BandNR>
        </supportedBandListNR>
    </rf-Parameters>
</UE-NR-Capability>
145871.582285 [PHY]    I [RRC]UE NR Capability encoded, 10 bytes (86 bits)
145871.582294 [NR_RRC] I UECapabilityInformation Encoded 106 bits (14 bytes)
145871.596241 [NAS]    I [UE 0] Received NAS_DOWNLINK_DATA_IND type FGS_REGISTRATION_ACCEPT with length 46
145871.596269 [NAS]    I Received Registration Accept with result 3GPP
145871.596272 [NAS]    I SMS not allowed in 5GS Registration Result
145871.596275 [NR_RRC] I 5G-GUTI: AMF pointer 0, AMF Set ID 1, 5G-TMSI 3221225904 
145871.596288 [NAS]    I Send NAS_UPLINK_DATA_REQ message(RegistrationComplete)
145871.596299 [NAS]    I Send NAS_UPLINK_DATA_REQ message(PduSessionEstablishRequest)
145871.611239 [NAS]    I [UE 0] Received NAS_DOWNLINK_DATA_IND type FGS_CONFIGURATION_UPDATE_COMMAND with length 40
145871.611252 [NR_RRC] W unknown message type 84
145871.645513 [RLC]    I Added srb 2 to UE 0
145871.645973 [RLC]    I Added drb 1 to UE 0
145871.645983 [RLC]    I Added DRB to UE 0
145871.645992 [NR_RRC] I RRCReconfiguration includes radio Bearer Configuration
145871.646264 [MAC]    I [UE 0] Applying CellGroupConfig from gNodeB
145871.649994 [SDAP]   I Default DRB for the created SDAP entity: DRB 1 
145871.650024 [PDCP]   I Added DRB 1 to UE ID 0
145871.650028 [NR_RRC] I State = NR_RRC_CONNECTED
145871.650042 [NR_RRC] I RRCReconfiguration includes Measurement Configuration
145871.650052 [NR_RRC] W Measurement gaps not yet supported!
145871.650051 [NAS]    I [UE 0] Received NAS_CONN_ESTABLI_CNF: errCode 1, length 68
145871.650062 [NR_RRC] I rrcReconfigurationComplete Encoded 10 bits (2 bytes)
145871.650069 [NR_RRC] I  Logical Channel UL-DCCH (SRB1), Generating RRCReconfigurationComplete (bytes 2)
145871.650079 [NAS]    I Received PDU Session Establishment Accept, UE IPv4: 10.45.0.19
145871.650908 [OIP]    I Interface oaitun_ue1 successfully configured, IPv4 10.45.0.19, IPv6 (null)
145871.666451 [UTIL]   I threadCreate() for ue_tun_read_0_p10: creating thread with affinity ffffffff, priority 1
145871.850278 [NR_MAC] I UE 0 RNTI 7490 stats sfn: 384.8, cumulated bad DCI 0
    DL harq: 18/0
    UL harq: 50/0 avg code rate 0.1, avg bit/symbol 2.0, avg per TB: (nb RBs 29.6, nb symbols 5.2)
145872.312101 [NR_MAC] I UE 0 RNTI 7490 stats sfn: 512.8, cumulated bad DCI 0
    DL harq: 19/0
    UL harq: 63/0 avg code rate 0.1, avg bit/symbol 2.0, avg per TB: (nb RBs 24.5, nb symbols 6.8)
145872.776296 [NR_MAC] I UE 0 RNTI 7490 stats sfn: 640.8, cumulated bad DCI 0
    DL harq: 20/0
    UL harq: 76/0 avg code rate 0.1, avg bit/symbol 2.0, avg per TB: (nb RBs 21.2, nb symbols 7.9)
145873.230391 [NR_MAC] I UE 0 RNTI 7490 stats sfn: 768.8, cumulated bad DCI 0
    DL harq: 21/0
    UL harq: 89/0 avg code rate 0.1, avg bit/symbol 2.0, avg per TB: (nb RBs 18.8, nb symbols 8.6)
145873.688352 [NR_MAC] I UE 0 RNTI 7490 stats sfn: 896.8, cumulated bad DCI 0
    DL harq: 23/0
    UL harq: 101/0 avg code rate 0.1, avg bit/symbol 2.0, avg per TB: (nb RBs 17.2, nb symbols 9.1)
145874.143083 [NR_MAC] I UE 0 RNTI 7490 stats sfn: 0.8, cumulated bad DCI 0
    DL harq: 24/0
    UL harq: 114/0 avg code rate 0.1, avg bit/symbol 2.0, avg per TB: (nb RBs 15.8, nb symbols 9.6)
145874.604478 [NR_MAC] I UE 0 RNTI 7490 stats sfn: 128.8, cumulated bad DCI 0
    DL harq: 25/0
    UL harq: 127/0 avg code rate 0.1, avg bit/symbol 2.0, avg per TB: (nb RBs 14.7, nb symbols 9.9)
145875.061193 [NR_MAC] I UE 0 RNTI 7490 stats sfn: 256.8, cumulated bad DCI 0
    DL harq: 27/0
    UL harq: 140/0 avg code rate 0.1, avg bit/symbol 2.0, avg per TB: (nb RBs 13.8, nb symbols 10.2)
145875.517036 [NR_MAC] I UE 0 RNTI 7490 stats sfn: 384.8, cumulated bad DCI 0
    DL harq: 28/0
    UL harq: 153/0 avg code rate 0.1, avg bit/symbol 2.0, avg per TB: (nb RBs 13.0, nb symbols 10.5)
145875.973365 [NR_MAC] I UE 0 RNTI 7490 stats sfn: 512.8, cumulated bad DCI 0
    DL harq: 29/0
    UL harq: 165/0 avg code rate 0.1, avg bit/symbol 2.0, avg per TB: (nb RBs 12.4, nb symbols 10.6)
145876.426670 [NR_MAC] I UE 0 RNTI 7490 stats sfn: 640.8, cumulated bad DCI 0
    DL harq: 31/0
    UL harq: 183/0 avg code rate 0.1, avg bit/symbol 2.0, avg per TB: (nb RBs 12.8, nb symbols 10.7)
145876.879825 [NR_MAC] I UE 0 RNTI 7490 stats sfn: 768.8, cumulated bad DCI 0
    DL harq: 33/0
    UL harq: 196/0 avg code rate 0.1, avg bit/symbol 2.0, avg per TB: (nb RBs 12.3, nb symbols 10.8)
145877.332634 [NR_MAC] I UE 0 RNTI 7490 stats sfn: 896.8, cumulated bad DCI 0
    DL harq: 34/0
    UL harq: 209/0 avg code rate 0.1, avg bit/symbol 2.0, avg per TB: (nb RBs 11.8, nb symbols 10.9)
Press ^C again to trigger immediate shutdown
145877.899451 [NAS]    I [UE 0] Received NAS_DEREGISTRATION_REQ
145877.947572 [HW]     W Lost socket
mac 30 a5 aa 81 
mac 94 3f 76 a0 
Entering ITTI signals handler
TYPE <CTRL-C> TO TERMINATE
mac ae e0 d3 4 
