Resolving hostnames and patching config...
eth0 eth0 eth0
Resolved: AMF=192.168.8.108 N2=10.0.6.148 N3=10.0.6.148
Active_gNBs:
  - "oai-cu"
# Asn1_verbosity, choice in: none, info, annoying
Asn1_verbosity: "none"
gNBs:
  - gNB_ID: 0xe00
    # cell_type: "CELL_MACRO_GNB"
    gNB_name: "oai-cu"
    # Tracking area code, 0x0000 and 0xfffe are reserved values
    tracking_area_code: "1"
    plmn_list:
      - mcc: "001"
        mnc: "01"
        mnc_length: "2"
        snssaiList:
          - sd: "0xffffff"
            sst: "1"
    nr_cellid: 1234567899996666555
    tr_s_preference: "f1"
    local_s_address: "10.0.6.148"
    remote_s_address: "127.0.0.1"
    local_s_portc: 501
    local_s_portd: "2153"
    remote_s_portc: 500
    remote_s_portd: "2153"
    # ------- SCTP definitions
    SCTP:
      # Number of streams to use in input/output
      SCTP_INSTREAMS: 2
      SCTP_OUTSTREAMS: 2
    # -------- AMF parameters
    amf_ip_address:
      - ipv4: "192.168.8.108"
    NETWORK_INTERFACES:
      GNB_IPV4_ADDRESS_FOR_NG_AMF: "10.0.6.148"
      GNB_IPV4_ADDRESS_FOR_NGU: "10.0.6.148"
      GNB_PORT_FOR_S1U: 2152 # Spec 2152
security:
  # preferred ciphering algorithms
  # the first one of the list that a UE supports is chosen
  # valid values: nea0, nea1, nea2, nea3
  ciphering_algorithms:
    - "nea0"
  # preferred integrity algorithms
  # the first one of the list that a UE supports is chosen
  # valid values: nia0, nia1, nia2, nia3
  integrity_algorithms:
    - "nia2"
    - "nia0"
  # setting 'drb_ciphering' to "no" disables ciphering for DRBs, no matter
  # what 'ciphering_algorithms' configures; same thing for 'drb_integrity'
  drb_ciphering: "yes"
  drb_integrity: "no"
log_config:
  global_log_level: "info"
  pdcp_log_level: "info"
  rrc_log_level: "info"
  f1ap_log_level: "info"
  ngap_log_level: "info"
==================================
/proc/sys/kernel/core_pattern=|/usr/lib/systemd/systemd-coredump %P %u %g %s %t %c %h
No configuration file /opt/oai-gnb/etc/gnb.conf found: attempting to find YAML config
==================================
== Configuration file:
Active_gNBs:
  - "oai-cu"
# Asn1_verbosity, choice in: none, info, annoying
Asn1_verbosity: "none"
gNBs:
  - gNB_ID: 0xe00
    # cell_type: "CELL_MACRO_GNB"
    gNB_name: "oai-cu"
    # Tracking area code, 0x0000 and 0xfffe are reserved values
    tracking_area_code: "1"
    plmn_list:
      - mcc: "001"
        mnc: "01"
        mnc_length: "2"
        snssaiList:
          - sd: "0xffffff"
            sst: "1"
    nr_cellid: 1234567899996666555
    tr_s_preference: "f1"
    local_s_address: "10.0.6.148"
    remote_s_address: "127.0.0.1"
    local_s_portc: 501
    local_s_portd: "2153"
    remote_s_portc: 500
    remote_s_portd: "2153"
    # ------- SCTP definitions
    SCTP:
      # Number of streams to use in input/output
      SCTP_INSTREAMS: 2
      SCTP_OUTSTREAMS: 2
    # -------- AMF parameters
    amf_ip_address:
      - ipv4: "192.168.8.108"
    NETWORK_INTERFACES:
      GNB_IPV4_ADDRESS_FOR_NG_AMF: "10.0.6.148"
      GNB_IPV4_ADDRESS_FOR_NGU: "10.0.6.148"
      GNB_PORT_FOR_S1U: 2152 # Spec 2152
security:
  # preferred ciphering algorithms
  # the first one of the list that a UE supports is chosen
  # valid values: nea0, nea1, nea2, nea3
  ciphering_algorithms:
    - "nea0"
  # preferred integrity algorithms
  # the first one of the list that a UE supports is chosen
  # valid values: nia0, nia1, nia2, nia3
  integrity_algorithms:
    - "nia2"
    - "nia0"
  # setting 'drb_ciphering' to "no" disables ciphering for DRBs, no matter
  # what 'ciphering_algorithms' configures; same thing for 'drb_integrity'
  drb_ciphering: "yes"
  drb_integrity: "no"
log_config:
  global_log_level: "info"
  pdcp_log_level: "info"
  rrc_log_level: "info"
  f1ap_log_level: "info"
  ngap_log_level: "info"
==================================
== Load USRP binaries
==================================
== Starting gNB soft modem
Additional option(s): --log_config.global_log_options level,nocolor
/opt/oai-gnb/bin/nr-softmodem -O /opt/oai-gnb/etc/gnb.yaml --log_config.global_log_options level,nocolor
CMDLINE: "/opt/oai-gnb/bin/nr-softmodem" "-O" "/opt/oai-gnb/etc/gnb.yaml" "--log_config.global_log_options" "level,nocolor" 
[UTIL]   W mlockall() failed: 12, Cannot allocate memory
[UTIL]   I running in SA mode (no --phy-test, --do-ra, --nsa option present)
[OPT]    I OPT disabled
[HW]     I Version: Branch: HEAD Abrev. Hash: ed4cca814a Date: Thu Jan 22 14:27:15 2026 +0000
[GNB_APP] I Initialized RAN Context: RC.nb_nr_inst = 1, RC.nb_nr_macrlc_inst = 0, RC.nb_nr_L1_inst = 0, RC.nb_RU = 0, RC.nb_nr_CC[0] = 0
[GNB_APP] I F1AP: gNB_CU_id[0] 3584
[GNB_APP] I F1AP: gNB_CU_name[0] oai-cu
[GNB_APP] I SDAP layer is disabled
[GNB_APP] I Data Radio Bearer count 1
[GNB_APP] I Parsed IPv4 address for NG AMF: 10.0.6.148
[UTIL]   I threadCreate() for TASK_SCTP: creating thread with affinity ffffffff, priority 50
[X2AP]   I X2AP is disabled.
[UTIL]   I threadCreate() for TASK_NGAP: creating thread with affinity ffffffff, priority 50
[UTIL]   I threadCreate() for TASK_RRC_GNB: creating thread with affinity ffffffff, priority 50
[NGAP]   I Registered new gNB[0] and macro gNB id 3584
[NGAP]   I [gNB 0] check the amf registration state
[NR_RRC] I Entering main loop of NR_RRC message task
[GTPU]   I Configuring GTPu
[GTPU]   I SA mode 
[GTPU]   I Configuring GTPu address : 10.0.6.148, port : 2152
[GTPU]   I Initializing UDP for local address 10.0.6.148 with port 2152
[GTPU]   I Created gtpu instance id: 90
[UTIL]   I threadCreate() for GTPrx_90: creating thread with affinity ffffffff, priority 50
[NGAP]   A Send NGSetupRequest to AMF
[NGAP]   I 3584 -> 0000e000
[UTIL]   I threadCreate() for TASK_GNB_APP: creating thread with affinity ffffffff, priority 50
[NR_RRC] I Accepting new CU-UP ID 3584 name oai-cu (assoc_id -1)
[UTIL]   I threadCreate() for TASK_GTPV1_U: creating thread with affinity ffffffff, priority 50
[UTIL]   I threadCreate() for TASK_CU_F1: creating thread with affinity ffffffff, priority 50
[F1AP]   I Starting F1AP at CU
[F1AP]   I F1AP_CU_SCTP_REQ(create socket) for 10.0.6.148 len 11
[GTPU]   I Initializing UDP for local address 10.0.6.148 with port 2153
[GTPU]   I Created gtpu instance id: 91
[UTIL]   I threadCreate() for GTPrx_91: creating thread with affinity ffffffff, priority 50
[UTIL]   I threadCreate() for time source realtime: creating thread with affinity ffffffff, priority 2
[UTIL]   I time manager configuration: [time source: reatime] [mode: standalone] [server IP: 127.0.0.1} [server port: 7374] (server IP/port not used)
[NGAP]   I Supported PLMN 0: MCC=001 MNC=01
[NGAP]   I Supported slice (PLMN 0): SST=0x01 SD=000
[NGAP]   I Supported slice (PLMN 0): SST=0x01 SD=123
[NGAP]   I Supported slice (PLMN 0): SST=0x01 SD=173451
[NGAP]   A Received NGSetupResponse from AMF
[GNB_APP] I [gNB 0] Received NGAP_REGISTER_GNB_CNF: associated AMF 1
[SCTP]   W Received SCTP SHUTDOWN EVENT
[F1AP]   I Received SCTP state 1 for assoc_id 343, removing endpoint
[NR_RRC] W no DU connected or not found for assoc_id 343: F1 Setup Failed?
[NR_RRC] I Received F1 Setup Request from gNB_DU 3584 (oai-rfsim) on assoc_id 345
[NR_RRC] I Accepting DU 3584 (oai-rfsim), sending F1 Setup Response
[NR_RRC] I DU uses RRC version 17.3.0
[NR_RRC] I cell PLMN 001.01 Cell ID 12345678 is in service
[NR_RRC] I Decoding CCCH: RNTI 32e1, payload_size 6
[NR_RRC] A [--] (cellID 0, UE ID 1 RNTI 32e1) Create UE context: CU UE ID 1 DU UE ID 13025 (rnti: 32e1, random ue id 16e7985096000000)
[RRC]    I activate SRB 1 of UE 1
[NR_RRC] A [DL] (cellID bc614e, UE ID 1 RNTI 32e1) Send RRC Setup
[NR_RRC] A [UL] (cellID bc614e, UE ID 1 RNTI 32e1) Received RRCSetupComplete (RRC_CONNECTED reached)
[NGAP]   I Selected PLMN in the NG Initial UE Message: MCC=001 MNC=01
[NGAP]   I UE 1: Selected AMF 'open5gs-amf0' (assoc_id 341) through selected PLMN MCC=001 MNC=01
[NGAP]   I Create UE context (ID 1) for AMF 'open5gs-amf0' (assoc_id 341)
[NR_RRC] A [DL] (cellID bc614e, UE ID 1 RNTI 32e1) Send DL Information Transfer [42 bytes]
[NR_RRC] A [UL] (cellID bc614e, UE ID 1 RNTI 32e1) Received RRC UL Information Transfer [24 bytes]
[NR_RRC] A [DL] (cellID bc614e, UE ID 1 RNTI 32e1) Send DL Information Transfer [19 bytes]
[NR_RRC] A [UL] (cellID bc614e, UE ID 1 RNTI 32e1) Received RRC UL Information Transfer [60 bytes]
[NGAP]   I Initial Context Setup UE RAN ID 1 UE AMF ID 54: 0 PDU session(s)
[NR_RRC] A [--] (cellID bc614e, UE ID 1 RNTI 32e1) Selected security algorithms: ciphering 0, integrity 2
[NR_RRC] I [UE 32e1] Saved security key F0
[NR_RRC] I UE 1 Logical Channel DL-DCCH, Generate SecurityModeCommand (bytes 3)
[NR_RRC] A [UL] (cellID bc614e, UE ID 1 RNTI 32e1) Received Security Mode Complete
[NR_RRC] I UE 1: Logical Channel DL-DCCH, Generate NR UECapabilityEnquiry (bytes 8, xid 1)
[NR_RRC] A [UL] (cellID bc614e, UE ID 1 RNTI 32e1) Received UE capabilities
[NR_RRC] I Send message to ngap: NGAP_UE_CAPABILITIES_IND
[NR_RRC] A [DL] (cellID bc614e, UE ID 1 RNTI 32e1) Send DL Information Transfer [46 bytes]
[NR_RRC] I Send message to sctp: NGAP_InitialContextSetupResponse
[NR_RRC] A [UL] (cellID bc614e, UE ID 1 RNTI 32e1) Received RRC UL Information Transfer [13 bytes]
[NR_RRC] A [UL] (cellID bc614e, UE ID 1 RNTI 32e1) Received RRC UL Information Transfer [40 bytes]
[NR_RRC] A [DL] (cellID bc614e, UE ID 1 RNTI 32e1) Send DL Information Transfer [40 bytes]
[NGAP]   I PDUSESSIONSetup initiating message
[NR_RRC] I UE 1: received PDU Session Resource Setup Request
[NR_RRC] I Added QoS flow with qfi=1, total number of QoS flows = 1
[NR_RRC] I Added PDU Session 10, (total nb of sessions = 1)
[NR_RRC] I Bearer Context Setup: PDU Session ID=10, incoming TEID=0x0000f211, Addr=192.168.8.108
[NR_RRC] I Added DRB 1 to established list (PDU Session ID=10, total DRBs = 1)
[NR_RRC] I UE 1: added DRB 1 for PDU session ID 10
[NR_RRC] A [--] (cellID bc614e, UE ID 1 RNTI 32e1) selecting CU-UP ID 3584 based on exact NSSAI match (1:0xffffff)
[RRC]    I UE 1 associating to CU-UP assoc_id -1 out of 1 CU-UPs
[E1AP]   I UE 1: add PDU session ID 10 (1 bearers)
[GTPU]   I [90] UE ID 1: Create tunnel TEID incoming 0xaa6b32d1 outgoing 0xf211 to remote IPv4 192.168.8.108, IPv6 ::, port 2152
[SDAP]   I Default DRB for the created SDAP entity: DRB 1 
[PDCP]   I Added DRB 1 to UE ID 1
[GTPU]   I [91] UE ID 1: Create tunnel TEID incoming 0x8fd77f6b outgoing 0xffff to remote IPv4 0.0.0.0, IPv6 ::, port 2153
[RRC]    I activate SRB 2 of UE 1
[RRC]    I UE 1 trigger UE context setup request with 1 DRBs
[RRC]    I UE 32e1 replacing existing CellGroupConfig with new one received from DU
[E1AP]   I UE 1: updating PDU session ID 10 (1 bearers)
[PDCP]   I DRB 1 re-established
[GTPU]   I [91] UE ID 1: Update tunnel TEID incoming 0x8fd77f6b outgoing 0x53baf4f9 to remote IPv4 10.0.6.129, IPv6 ::, port 2153
[NR_RRC] A [DL] (cellID bc614e, UE ID 1 RNTI 32e1) Generate RRCReconfiguration (bytes 283, xid 0)
[NR_RRC] I Received E1AP Bearer Context Modification Response for UE CU-CP ID 1
[RRC]    I UE 1: PDU session ID 10 modified 1 bearers
[NR_RRC] A [UL] (cellID bc614e, UE ID 1 RNTI 32e1) Received RRCReconfigurationComplete
[NR_RRC] I PDU Session Setup: ID=10, outgoing TEID=0xaa6b32d1, Addr=10.0.6.148
[NR_RRC] I NGAP_PDUSESSION_SETUP_RESP: sending the message

** Caught SIGTERM, shutting down
[CONFIG] function config_yaml_init returned 0
E2 agent is DISABLED (for activation, define .e2_agent.{near_ric_ip_addr,sm_dir} parameters)
TYPE <CTRL-C> TO TERMINATE
Returned from ITTI signal handler
Bye.
[INFO  tini (1)] Spawned child process '/opt/oai-gnb/bin/entrypoint.sh' with pid '2'
[INFO  tini (1)] Main child exited normally (with status '0')
