CMDLINE: "/opt/oai-nr-ue/bin/nr-uesoftmodem" "-O" "/opt/oai-nr-ue/etc/nr-ue.conf" "-E" "--rfsim" "-r" "106" "--numerology" "1" "-C" "3319680000" "--log_config.global_log_options" "level,nocolor" "--rfsimulator.serveraddr" "10.0.6.129" 
[UTIL]   I running in SA mode (no --phy-test, --do-ra, --nsa option present)
[UTIL]   I threadCreate() for Tpool0_-1: creating thread with affinity ffffffff, priority 97
[UTIL]   I threadCreate() for Tpool1_-1: creating thread with affinity ffffffff, priority 97
[UTIL]   I threadCreate() for Tpool2_-1: creating thread with affinity ffffffff, priority 97
[UTIL]   I threadCreate() for Tpool3_-1: creating thread with affinity ffffffff, priority 97
[UTIL]   I threadCreate() for Tpool4_-1: creating thread with affinity ffffffff, priority 97
[UTIL]   I threadCreate() for Tpool5_-1: creating thread with affinity ffffffff, priority 97
[UTIL]   I threadCreate() for Tpool6_-1: creating thread with affinity ffffffff, priority 97
[UTIL]   I threadCreate() for Tpool7_-1: creating thread with affinity ffffffff, priority 97
[OPT]    I OPT disabled
[HW]     I Version: Branch: HEAD Abrev. Hash: ed4cca814a Date: Thu Jan 22 14:27:15 2026 +0000
[NR_RRC] I create TASK_RRC_NRUE 
[UTIL]   I threadCreate() for TASK_RRC_NRUE: creating thread with affinity ffffffff, priority 50
[UTIL]   I threadCreate() for TASK_NAS_NRUE: creating thread with affinity ffffffff, priority 50
[SIM]    I UICC simulation: IMSI=001010000062653, IMEISV=6754567890123413, Ki=8baf473f2f8fd09487cccbd7097c6862, OPc=8e27b6af0e692e750f32667a3b14605d, DNN=Internet, SST=0x01, SD=0xffffff
[NR_MAC] I [UE0] Initializing MAC
[NR_MAC] I Initializing dl and ul config_request. num_slots = 20
[RLC]    I Activated srb0 for UE 0
[UTIL]   I threadCreate() for time source iq samples: creating thread with affinity ffffffff, priority 2
[UTIL]   I time manager configuration: [time source: iq_samples] [mode: standalone] [server IP: 127.0.0.1} [server port: 7374] (server IP/port not used)
[PHY]    I Set UE_fo_compensation 0, UE_scan_carrier 0, UE_no_timing_correction 0 
, chest-freq 0, chest-time 0
[PHY]    I Set UE nb_rx_antenna 1, nb_tx_antenna 1, threequarter_fs 1, ssb_start_subcarrier 516
[PHY]    I SA init parameters. DL freq 3319680000 UL offset 0 SSB numerology 1 N_RB_DL 106
[PHY]    I Init: N_RB_DL 106, first_carrier_offset 900, nb_prefix_samples 108,nb_prefix_samples0 132, ofdm_symbol_size 1536
[PHY]    W samples_per_subframe 46080/per second 46080000, wCP 43008
[UTIL]   I threadCreate() for SYNC__actor: creating thread with affinity ffffffff, priority 97
[UTIL]   I threadCreate() for DL__actor: creating thread with affinity ffffffff, priority 97
[UTIL]   I threadCreate() for DL__actor: creating thread with affinity ffffffff, priority 97
[UTIL]   I threadCreate() for DL__actor: creating thread with affinity ffffffff, priority 97
[UTIL]   I threadCreate() for DL__actor: creating thread with affinity ffffffff, priority 97
[UTIL]   I threadCreate() for UL__actor: creating thread with affinity ffffffff, priority 97
[UTIL]   I threadCreate() for UL__actor: creating thread with affinity ffffffff, priority 97
[PHY]    I Initializing UE vars for gNB TXant 1, UE RXant 1
[PHY]    I prs_config configuration NOT found..!! Skipped configuring UE for the PRS reception
[PHY]    I HW: Configuring card 0, sample_rate 46080000.000000, tx/rx num_channels 1/1, duplex_mode TDD
[PHY]    I HW: Configuring channel 0 (rf_chain 0): setting tx_freq 3319680000 Hz, rx_freq 3319680000 Hz, tune_offset 0
[PHY]    I HW: Configuring channel 0 (rf_chain 0): setting tx_gain 0, rx_gain 110
[PHY]    I HW: Configuring card 1, sample_rate 46080000.000000, tx/rx num_channels 1/1, duplex_mode TDD
[PHY]    I HW: Configuring channel 0 (rf_chain 0): setting tx_freq 3319680000 Hz, rx_freq 3319680000 Hz, tune_offset 0
[PHY]    I HW: Configuring channel 0 (rf_chain 0): setting tx_gain 0, rx_gain 110
[PHY]    I HW: Configuring card 2, sample_rate 46080000.000000, tx/rx num_channels 1/1, duplex_mode TDD
[PHY]    I HW: Configuring channel 0 (rf_chain 0): setting tx_freq 3319680000 Hz, rx_freq 3319680000 Hz, tune_offset 0
[PHY]    I HW: Configuring channel 0 (rf_chain 0): setting tx_gain 0, rx_gain 110
[PHY]    I HW: Configuring card 3, sample_rate 46080000.000000, tx/rx num_channels 1/1, duplex_mode TDD
[PHY]    I HW: Configuring channel 0 (rf_chain 0): setting tx_freq 3319680000 Hz, rx_freq 3319680000 Hz, tune_offset 0
[PHY]    I HW: Configuring channel 0 (rf_chain 0): setting tx_gain 0, rx_gain 110
[PHY]    I HW: Configuring card 4, sample_rate 46080000.000000, tx/rx num_channels 1/1, duplex_mode TDD
[PHY]    I HW: Configuring channel 0 (rf_chain 0): setting tx_freq 3319680000 Hz, rx_freq 3319680000 Hz, tune_offset 0
[PHY]    I HW: Configuring channel 0 (rf_chain 0): setting tx_gain 0, rx_gain 110
[PHY]    I HW: Configuring card 5, sample_rate 46080000.000000, tx/rx num_channels 1/1, duplex_mode TDD
[PHY]    I HW: Configuring channel 0 (rf_chain 0): setting tx_freq 3319680000 Hz, rx_freq 3319680000 Hz, tune_offset 0
[PHY]    I HW: Configuring channel 0 (rf_chain 0): setting tx_gain 0, rx_gain 110
[PHY]    I HW: Configuring card 6, sample_rate 46080000.000000, tx/rx num_channels 1/1, duplex_mode TDD
[PHY]    I HW: Configuring channel 0 (rf_chain 0): setting tx_freq 3319680000 Hz, rx_freq 3319680000 Hz, tune_offset 0
[PHY]    I HW: Configuring channel 0 (rf_chain 0): setting tx_gain 0, rx_gain 110
[PHY]    I HW: Configuring card 7, sample_rate 46080000.000000, tx/rx num_channels 1/1, duplex_mode TDD
[PHY]    I HW: Configuring channel 0 (rf_chain 0): setting tx_freq 3319680000 Hz, rx_freq 3319680000 Hz, tune_offset 0
[PHY]    I HW: Configuring channel 0 (rf_chain 0): setting tx_gain 0, rx_gain 110
[PHY]    I Intializing UE Threads for instance 0 ...
[UTIL]   I threadCreate() for UEthread_0: creating thread with affinity ffffffff, priority 97
[UTIL]   I threadCreate() for L1_UE_stats_0: creating thread with affinity ffffffff, priority 1
[HW]     I Running as client: will connect to a rfsimulator server side
[HW]     I [RRU] has loaded RFSIMULATOR device.
[HW]     I Trying to connect to 10.0.6.129:4043
[HW]     I Connection to 10.0.6.129:4043 established
[HW]     A RFsim: Number of antennas changed from 0 to 1
[PHY]    W SSB position provided
[NR_PHY] W Starting sync detection
[PHY]    I [UE thread Synch] Running Initial Synch 
[NR_PHY] I Starting cell search with center freq: 3319680000, bandwidth: 106. Scanning for 1 number of GSCN.
[NR_PHY] I Scanning GSCN: 0, with SSB offset: 516, SSB Freq: 0.000000
[PHY]    A Initial sync: pbch decoded sucessfully, ssb index 0
[PHY]    I pbch rx ok. rsrp:51 dB/RE, adjust_rxgain:-1 dB
[NR_PHY] I Cell Detected with GSCN: 0, SSB SC offset: 516, SSB Ref: 0.000000, PSS Corr peak: 96 dB, PSS Corr Average: 61
[PHY]    I [UE0] In synch, rx_offset 322560 samples
[PHY]    I [UE 0] Measured Carrier Frequency offset 6 Hz
[PHY]    A Initial sync successful, PCI: 0
[PHY]    I HW: Configuring channel 0 (rf_chain 0): setting tx_freq 3319680006 Hz, rx_freq 3319680006 Hz, tune_offset 0
[PHY]    I Got synch: hw_slot_offset 28, carrier off 6 Hz, rxgain 0.000000 (DL 3319680006.000000 Hz, UL 3319680006.000000 Hz)
[NR_RRC] I [UE 0] BCCH update: phyCellID 0->0, arfcn_ssb 0->621312
[PHY]    A UE synchronized! decoded_frame_rx=516 UE->init_sync_frame=1 trashed_frames=38
[PHY]    I Resynchronizing RX by 322560 samples
[HW]     I received write reorder clear context
[PHY]    I max_pos_acc = 0, shiftForNextFrame = 0
[NR_RRC] A SIB1 decoded
[NR_MAC] I [UE 0] Initial cell selection: dl_frequency=3300600 kHz (from command-line, band=78, scs=1)
[NR_MAC] I Initial cell selection: uplink_frequency=0 kHz (from dl_frequency=3300600 kHz, uplink_frequency_offset=0 kHz)
[NR_MAC] I TDD period index = 6, based on the sum of dl_UL_TransmissionPeriodicity from Pattern1 (5.000000 ms) and Pattern2 (0.000000 ms): Total = 5.000000 ms
[NR_MAC] I Set TDD configuration period to: 8 DL slots, 3 UL slots, 10 slots per period (NR_TDD_UL_DL_Pattern is 7 DL slots, 2 UL slots, 6 DL symbols, 4 UL symbols)
[NR_MAC] I Configured 1 TDD patterns (total slots: pattern1 = 10, pattern2 = 0)
[PHY]    I N_TA_offset changed from 0 to 600
[MAC]    I Initialization of 4-Step CBRA procedure
[NR_MAC] I PRACH scheduler: Selected RO Frame 557, Slot 19, Symbol 8, Fdm 0
[PHY]    I PRACH [UE 0] in frame.slot 557.19, placing PRACH in position 1804, Msg1/MsgA-Preamble frequency start 0 (k1 0), preamble_offset 9, first_nonzero_root_idx 0, preambleIndex = 45
[PHY]    I [UE 0] RAR-Msg2 decoded
[NR_MAC] I [UE 0][RAPROC][RA-RNTI 0113] Got BI RAR subPDU 5 ms
[NR_MAC] I [UE 0][RAPROC][RA-RNTI 0113] Got RAPID RAR subPDU
[NR_MAC] A [UE 0][RAPROC][558.10] Found RAR with the intended RAPID 45
[MAC]    W received TA command 31
[NR_MAC] A [RAPROC][558.19] RA-Msg3 transmitted
[NR_MAC] A [UE 0][560.1][RAPROC] 4-Step RA procedure succeeded. CBRA: Contention Resolution is successful.
[NR_RRC] I [UE0][RAPROC] Logical Channel DL-CCCH (SRB0), Received NR_RRCSetup
[RLC]    I Added srb 1 to UE 0
[NR_RRC] I State = NR_RRC_CONNECTED
[NAS]    I Generate Initial NAS Message: Registration Request
[NR_RRC] I [UE 0][RAPROC] Logical Channel UL-DCCH (SRB1), Generating RRCSetupComplete (bytes33)
[NAS]    I [UE 0] Received NR_NAS_CONN_ESTABLISH_IND: asCause 0
[MAC]    I [UE 0] Applying CellGroupConfig from gNodeB
[NAS]    I [UE 0] Received NAS_DOWNLINK_DATA_IND type FGS_AUTHENTICATION_REQUEST with length 42
[NAS]    I [UE 0] Received NAS_DOWNLINK_DATA_IND type FGS_SECURITY_MODE_COMMAND with length 19
[NAS]    I Generate Initial NAS Message: Registration Request
[NR_RRC] I Received securityModeCommand (gNB 0)
[NR_RRC] I Receiving from SRB1 (DL-DCCH), Processing securityModeCommand
[NR_RRC] I Security algorithm is set to nea0
[NR_RRC] I Integrity protection algorithm is set to nia2
[NR_RRC] I Receiving from SRB1 (DL-DCCH), encoding securityModeComplete, rrc_TransactionIdentifier: 0
[NR_RRC] I Received Capability Enquiry (gNB 0)
[NR_RRC] I Receiving from SRB1 (DL-DCCH), Processing UECapabilityEnquiry
[CONFIG] function config_libconfig_init returned 0
UE threads created by 1
TYPE <CTRL-C> TO TERMINATE
Initializing random number generator, seed 15853776707411929424
kausf:99 ca ee 86 8c 4d 62 3a a4 96 f cd 83 d2 67 b6 22 33 b5 c2 10 5c 8d 4b 5e 2c 92 55 e8 0 1a 2a 
kseaf:41 ec a5 59 24 62 20 b2 d 8f 44 e9 34 7f 74 ef 85 fe f da a5 ba 16 bb 7b 21 47 70 ca e9 8a 9 
kamf:e5 dd 36 e0 58 d5 8c bd d0 38 7b db 1d 3c 4b 46 99 c2 f5 ff 1e 91 2a 91 8a 66 7b be 9e 2b 5b 3 
knas_int: 8d ef a7 7c f1 3d 42 54 5 69 9a a1 c2 99 3 76 
knas_enc: ce fc 53 55 3f 44 0 48 f4 89 9c 29 4d 93 41 8e 
mac 30 ef e1 14 
[NR_RRC] I deriving kRRCenc, kRRCint from KgNB=f0 45 1e 07 42 02 8c 48 58 24 d5 86 02 ee eb bd f7 89 0d 1d b0 75 75 cc f1 a5 ac 92 aa eb 54 2f 
[NR_RRC] I securityModeComplete payload: 28 00 00 00 00 00 00 00 50 4f 00 50 86 7f 00 00 
<UE-NR-Capability>
    <accessStratumRelease><rel15/></accessStratumRelease>
    <pdcp-Parameters>
        <supportedROHC-Profiles>
            <profile0x0000><false/></profile0x0000>
            <profile0x0001><false/></profile0x0001>
            <profile0x0002><false/></profile0x0002>
            <profile0x0003><false/></profile0x0003>
            <profile0x0004><false/></profile0x0004>
            <profile0x0006><false/></profile0x0006>
            <profile0x0101><false/></profile0x0101>
            <profile0x0102><false/></profile0x0102>
            <profile0x0103><false/></profile0x0103>
            <profile0x0104><false/></profile0x0104>
        </supportedROHC-Profiles>
        <maxNumberROHC-ContextSessions><cs2/></maxNumberROHC-ContextSessions>
    </pdcp-Parameters>
    <phy-Parameters>
    </phy-Parameters>
    <rf-Parameters>
        <supportedBandListNR>
            <BandNR>
                <bandNR>1</bandNR>
            </BandNR>
        </supportedBandListNR>
    </rf-Parameters>
</UE-NR-Capability>
[PHY]    I [RRC]UE NR Capability encoded, 10 bytes (86 bits)
[NR_RRC] I UECapabilityInformation Encoded 106 bits (14 bytes)
[NAS]    I [UE 0] Received NAS_DOWNLINK_DATA_IND type FGS_REGISTRATION_ACCEPT with length 46
[NAS]    I Received Registration Accept with result 3GPP
[NAS]    I SMS not allowed in 5GS Registration Result
[NR_RRC] I 5G-GUTI: AMF pointer 0, AMF Set ID 1, 5G-TMSI 3221226867 
[NAS]    I Send NAS_UPLINK_DATA_REQ message(RegistrationComplete)
[NAS]    I Send NAS_UPLINK_DATA_REQ message(PduSessionEstablishRequest)
[NAS]    I [UE 0] Received NAS_DOWNLINK_DATA_IND type FGS_CONFIGURATION_UPDATE_COMMAND with length 40
[NR_RRC] W unknown message type 84
[RLC]    I Added srb 2 to UE 0
[RLC]    I Added drb 1 to UE 0
[RLC]    I Added DRB to UE 0
[NR_RRC] I RRCReconfiguration includes radio Bearer Configuration
[MAC]    I [UE 0] Applying CellGroupConfig from gNodeB
[SDAP]   I Default DRB for the created SDAP entity: DRB 1 
[PDCP]   I Added DRB 1 to UE ID 0
[NR_RRC] I State = NR_RRC_CONNECTED
[NR_RRC] I RRCReconfiguration includes Measurement Configuration
[NR_RRC] W Measurement gaps not yet supported!
[NAS]    I [UE 0] Received NAS_CONN_ESTABLI_CNF: errCode 1, length 68
[NR_RRC] I rrcReconfigurationComplete Encoded 10 bits (2 bytes)
[NR_RRC] I  Logical Channel UL-DCCH (SRB1), Generating RRCReconfigurationComplete (bytes 2)
[NAS]    I Received PDU Session Establishment Accept, UE IPv4: 10.45.0.48
[OIP]    I Interface oaitun_ue1 successfully configured, IPv4 10.45.0.48, IPv6 (null)
[UTIL]   I threadCreate() for ue_tun_read_0_p10: creating thread with affinity ffffffff, priority 1
[NR_MAC] I UE 0 RNTI 32e1 stats sfn: 640.8, cumulated bad DCI 0
    DL harq: 16/0
    UL harq: 49/0 avg code rate 0.1, avg bit/symbol 2.0, avg per TB: (nb RBs 30.0, nb symbols 4.8)
[NR_MAC] I UE 0 RNTI 32e1 stats sfn: 768.8, cumulated bad DCI 0
    DL harq: 18/0
    UL harq: 62/0 avg code rate 0.1, avg bit/symbol 2.0, avg per TB: (nb RBs 24.7, nb symbols 6.5)
[NR_MAC] I UE 0 RNTI 32e1 stats sfn: 896.8, cumulated bad DCI 0
    DL harq: 19/0
    UL harq: 74/0 avg code rate 0.1, avg bit/symbol 2.0, avg per TB: (nb RBs 21.5, nb symbols 7.6)
[NR_MAC] I UE 0 RNTI 32e1 stats sfn: 0.8, cumulated bad DCI 0
    DL harq: 20/0
    UL harq: 87/0 avg code rate 0.1, avg bit/symbol 2.0, avg per TB: (nb RBs 19.1, nb symbols 8.4)
[NR_MAC] I UE 0 RNTI 32e1 stats sfn: 128.8, cumulated bad DCI 0
    DL harq: 21/0
    UL harq: 100/0 avg code rate 0.1, avg bit/symbol 2.0, avg per TB: (nb RBs 17.2, nb symbols 9.0)
[NR_MAC] I UE 0 RNTI 32e1 stats sfn: 256.8, cumulated bad DCI 0
    DL harq: 23/0
    UL harq: 113/0 avg code rate 0.1, avg bit/symbol 2.0, avg per TB: (nb RBs 15.8, nb symbols 9.5)
[NR_MAC] I UE 0 RNTI 32e1 stats sfn: 384.8, cumulated bad DCI 0
    DL harq: 24/0
    UL harq: 126/0 avg code rate 0.1, avg bit/symbol 2.0, avg per TB: (nb RBs 14.7, nb symbols 9.8)
[NR_MAC] I UE 0 RNTI 32e1 stats sfn: 512.8, cumulated bad DCI 0
    DL harq: 25/0
    UL harq: 138/0 avg code rate 0.1, avg bit/symbol 2.0, avg per TB: (nb RBs 13.9, nb symbols 10.1)
[NR_MAC] I UE 0 RNTI 32e1 stats sfn: 640.8, cumulated bad DCI 0
    DL harq: 27/0
    UL harq: 151/0 avg code rate 0.1, avg bit/symbol 2.0, avg per TB: (nb RBs 13.1, nb symbols 10.4)
[NR_MAC] I UE 0 RNTI 32e1 stats sfn: 768.8, cumulated bad DCI 0
    DL harq: 28/0
    UL harq: 164/0 avg code rate 0.1, avg bit/symbol 2.0, avg per TB: (nb RBs 12.5, nb symbols 10.6)
[NR_MAC] I UE 0 RNTI 32e1 stats sfn: 896.8, cumulated bad DCI 0
    DL harq: 30/0
    UL harq: 182/0 avg code rate 0.1, avg bit/symbol 2.0, avg per TB: (nb RBs 12.8, nb symbols 10.6)
[NR_MAC] I UE 0 RNTI 32e1 stats sfn: 0.8, cumulated bad DCI 0
    DL harq: 31/0
    UL harq: 195/0 avg code rate 0.1, avg bit/symbol 2.0, avg per TB: (nb RBs 12.3, nb symbols 10.7)
[NR_MAC] I UE 0 RNTI 32e1 stats sfn: 128.8, cumulated bad DCI 0
    DL harq: 33/0
    UL harq: 208/0 avg code rate 0.1, avg bit/symbol 2.0, avg per TB: (nb RBs 11.9, nb symbols 10.9)
[NR_MAC] I UE 0 RNTI 32e1 stats sfn: 256.8, cumulated bad DCI 0
    DL harq: 34/0
    UL harq: 220/0 avg code rate 0.1, avg bit/symbol 2.0, avg per TB: (nb RBs 11.5, nb symbols 11.0)
[NR_MAC] I UE 0 RNTI 32e1 stats sfn: 384.8, cumulated bad DCI 0
    DL harq: 35/0
    UL harq: 233/0 avg code rate 0.1, avg bit/symbol 2.0, avg per TB: (nb RBs 11.1, nb symbols 11.1)
Press ^C again to trigger immediate shutdown
[NAS]    I [UE 0] Received NAS_DEREGISTRATION_REQ
[HW]     W Lost socket
mac a 7f c4 f1 
mac 29 cf 0 e4 
Entering ITTI signals handler
TYPE <CTRL-C> TO TERMINATE
mac aa 22 b5 e 
